2017-09-07 23:37:01,648 INFO: Start
2017-09-07 23:37:01.648848: W tensorflow/core/platform/cpu_feature_guard.cc:45] The TensorFlow library wasn't compiled to use SSE4.1 instructions, but these are available on your machine and could speed up CPU computations.
2017-09-07 23:37:01.648865: W tensorflow/core/platform/cpu_feature_guard.cc:45] The TensorFlow library wasn't compiled to use SSE4.2 instructions, but these are available on your machine and could speed up CPU computations.
2017-09-07 23:37:01.648875: W tensorflow/core/platform/cpu_feature_guard.cc:45] The TensorFlow library wasn't compiled to use AVX instructions, but these are available on your machine and could speed up CPU computations.
2017-09-07 23:37:01,649 INFO: Reading train data...
2017-09-07 23:37:15,949 INFO: Reading test data...
2017-09-07 23:37:30,139 INFO: Creating model...
2017-09-07 23:37:42,611 INFO: Initialize model...
2017-09-07 23:37:43,040 INFO: Restore model...
2017-09-07 23:37:43,040 INFO: Training...
2017-09-07 23:37:59,385 INFO: Step: 0 train CE: 5.54295 train ACC: 0.49775 test CE: 5.54277 test ACC: 0.49715
2017-09-07 23:38:43,108 INFO: Step: 10 train CE: 5.34237 train ACC: 0.68852 test CE: 5.34258 test ACC: 0.68876
2017-09-07 23:39:27,140 INFO: Step: 20 train CE: 4.86331 train ACC: 0.77907 test CE: 4.86374 test ACC: 0.77952
2017-09-07 23:40:10,896 INFO: Step: 30 train CE: 4.22191 train ACC: 0.88697 test CE: 4.22286 test ACC: 0.88701
2017-09-07 23:40:54,841 INFO: Step: 40 train CE: 3.69261 train ACC: 0.95676 test CE: 3.69371 test ACC: 0.95699
2017-09-07 23:41:38,657 INFO: Step: 50 train CE: 3.29019 train ACC: 0.99308 test CE: 3.29106 test ACC: 0.99311
2017-09-07 23:42:22,760 INFO: Step: 60 train CE: 3.14556 train ACC: 0.99686 test CE: 3.14591 test ACC: 0.99683
2017-09-07 23:43:06,772 INFO: Step: 70 train CE: 3.08934 train ACC: 0.99776 test CE: 3.08940 test ACC: 0.99773
2017-09-07 23:43:50,749 INFO: Step: 80 train CE: 3.06185 train ACC: 0.99809 test CE: 3.06176 test ACC: 0.99812
2017-09-07 23:44:34,950 INFO: Step: 90 train CE: 3.04600 train ACC: 0.99824 test CE: 3.04583 test ACC: 0.99829
2017-09-07 23:45:23,589 INFO: Step: 100 train CE: 3.03579 train ACC: 0.99834 test CE: 3.03557 test ACC: 0.99838
2017-09-07 23:45:23,590 INFO: Saving model at step 100 .......
2017-09-07 23:45:26,600 INFO: ok
2017-09-07 23:46:25,859 INFO: Step: 110 train CE: 3.02867 train ACC: 0.99839 test CE: 3.02843 test ACC: 0.99842
2017-09-07 23:47:27,572 INFO: Step: 120 train CE: 3.02344 train ACC: 0.99842 test CE: 3.02318 test ACC: 0.99846
2017-09-07 23:49:13,305 INFO: Step: 130 train CE: 3.01943 train ACC: 0.99843 test CE: 3.01916 test ACC: 0.99849
2017-09-07 23:49:59,531 INFO: Step: 140 train CE: 3.01627 train ACC: 0.99845 test CE: 3.01598 test ACC: 0.99852
2017-09-07 23:50:54,890 INFO: Step: 150 train CE: 3.01370 train ACC: 0.99848 test CE: 3.01340 test ACC: 0.99852
2017-09-07 23:51:40,864 INFO: Step: 160 train CE: 3.01157 train ACC: 0.99850 test CE: 3.01127 test ACC: 0.99854
2017-09-07 23:52:36,310 INFO: Step: 170 train CE: 3.00978 train ACC: 0.99850 test CE: 3.00947 test ACC: 0.99855
2017-09-07 23:53:25,846 INFO: Step: 180 train CE: 3.00825 train ACC: 0.99852 test CE: 3.00794 test ACC: 0.99855
2017-09-07 23:54:11,702 INFO: Step: 190 train CE: 3.00692 train ACC: 0.99853 test CE: 3.00661 test ACC: 0.99856
2017-09-07 23:54:57,549 INFO: Step: 200 train CE: 3.00577 train ACC: 0.99853 test CE: 3.00545 test ACC: 0.99857
2017-09-07 23:54:57,550 INFO: Saving model at step 200 .......
2017-09-07 23:54:59,507 INFO: ok
2017-09-07 23:55:44,133 INFO: Step: 210 train CE: 3.00475 train ACC: 0.99855 test CE: 3.00443 test ACC: 0.99857
2017-09-07 23:56:30,639 INFO: Step: 220 train CE: 3.00384 train ACC: 0.99855 test CE: 3.00353 test ACC: 0.99857
2017-09-07 23:57:15,345 INFO: Step: 230 train CE: 3.00303 train ACC: 0.99855 test CE: 3.00272 test ACC: 0.99858
2017-09-07 23:58:00,496 INFO: Step: 240 train CE: 3.00230 train ACC: 0.99856 test CE: 3.00199 test ACC: 0.99859
2017-09-07 23:58:48,441 INFO: Step: 250 train CE: 3.00164 train ACC: 0.99856 test CE: 3.00133 test ACC: 0.99859
2017-09-07 23:59:33,353 INFO: Step: 260 train CE: 3.00104 train ACC: 0.99856 test CE: 3.00073 test ACC: 0.99860
2017-09-08 00:00:19,770 INFO: Step: 270 train CE: 3.00049 train ACC: 0.99856 test CE: 3.00017 test ACC: 0.99859
2017-09-08 00:01:05,264 INFO: Step: 280 train CE: 2.99998 train ACC: 0.99857 test CE: 2.99967 test ACC: 0.99859
2017-09-08 00:01:49,610 INFO: Step: 290 train CE: 2.99952 train ACC: 0.99857 test CE: 2.99920 test ACC: 0.99860
2017-09-08 00:02:35,308 INFO: Step: 300 train CE: 2.99909 train ACC: 0.99857 test CE: 2.99877 test ACC: 0.99860
2017-09-08 00:02:35,309 INFO: Saving model at step 300 .......
2017-09-08 00:02:36,669 INFO: ok
2017-09-08 00:03:21,171 INFO: Step: 310 train CE: 2.99869 train ACC: 0.99857 test CE: 2.99837 test ACC: 0.99860
2017-09-08 00:04:06,245 INFO: Step: 320 train CE: 2.99832 train ACC: 0.99857 test CE: 2.99800 test ACC: 0.99860
2017-09-08 00:04:51,208 INFO: Step: 330 train CE: 2.99797 train ACC: 0.99858 test CE: 2.99765 test ACC: 0.99860
2017-09-08 00:05:35,582 INFO: Step: 340 train CE: 2.99764 train ACC: 0.99858 test CE: 2.99733 test ACC: 0.99860
2017-09-08 00:06:20,993 INFO: Step: 350 train CE: 2.99734 train ACC: 0.99858 test CE: 2.99703 test ACC: 0.99860
2017-09-08 00:07:06,345 INFO: Step: 360 train CE: 2.99705 train ACC: 0.99859 test CE: 2.99674 test ACC: 0.99861
2017-09-08 00:07:51,334 INFO: Step: 370 train CE: 2.99678 train ACC: 0.99859 test CE: 2.99647 test ACC: 0.99861
2017-09-08 00:08:36,634 INFO: Step: 380 train CE: 2.99652 train ACC: 0.99859 test CE: 2.99622 test ACC: 0.99861
2017-09-08 00:09:20,908 INFO: Step: 390 train CE: 2.99628 train ACC: 0.99859 test CE: 2.99598 test ACC: 0.99862
2017-09-08 00:10:05,834 INFO: Step: 400 train CE: 2.99605 train ACC: 0.99860 test CE: 2.99575 test ACC: 0.99862
2017-09-08 00:10:05,834 INFO: Saving model at step 400 .......
2017-09-08 00:10:06,982 INFO: ok
2017-09-08 00:10:51,868 INFO: Step: 410 train CE: 2.99584 train ACC: 0.99860 test CE: 2.99553 test ACC: 0.99862
2017-09-08 00:11:36,320 INFO: Step: 420 train CE: 2.99563 train ACC: 0.99860 test CE: 2.99533 test ACC: 0.99862
2017-09-08 00:12:21,578 INFO: Step: 430 train CE: 2.99543 train ACC: 0.99860 test CE: 2.99513 test ACC: 0.99862
2017-09-08 00:13:06,103 INFO: Step: 440 train CE: 2.99524 train ACC: 0.99860 test CE: 2.99495 test ACC: 0.99862
2017-09-08 00:13:51,379 INFO: Step: 450 train CE: 2.99507 train ACC: 0.99860 test CE: 2.99477 test ACC: 0.99862
2017-09-08 00:14:36,023 INFO: Step: 460 train CE: 2.99489 train ACC: 0.99861 test CE: 2.99460 test ACC: 0.99862
2017-09-08 00:15:20,423 INFO: Step: 470 train CE: 2.99473 train ACC: 0.99861 test CE: 2.99444 test ACC: 0.99862
2017-09-08 00:16:07,662 INFO: Step: 480 train CE: 2.99457 train ACC: 0.99861 test CE: 2.99428 test ACC: 0.99862
2017-09-08 00:16:54,193 INFO: Step: 490 train CE: 2.99442 train ACC: 0.99861 test CE: 2.99413 test ACC: 0.99862
2017-09-08 00:17:40,871 INFO: Step: 500 train CE: 2.99428 train ACC: 0.99861 test CE: 2.99399 test ACC: 0.99862
2017-09-08 00:17:40,871 INFO: Saving model at step 500 .......
2017-09-08 00:17:42,668 INFO: ok
2017-09-08 00:18:30,334 INFO: Step: 510 train CE: 2.99414 train ACC: 0.99861 test CE: 2.99385 test ACC: 0.99862
2017-09-08 00:19:19,379 INFO: Step: 520 train CE: 2.99401 train ACC: 0.99861 test CE: 2.99372 test ACC: 0.99863
2017-09-08 00:20:04,166 INFO: Step: 530 train CE: 2.99388 train ACC: 0.99862 test CE: 2.99359 test ACC: 0.99863
2017-09-08 00:20:48,544 INFO: Step: 540 train CE: 2.99375 train ACC: 0.99862 test CE: 2.99347 test ACC: 0.99863
2017-09-08 00:21:33,326 INFO: Step: 550 train CE: 2.99363 train ACC: 0.99862 test CE: 2.99335 test ACC: 0.99863
2017-09-08 00:22:19,873 INFO: Step: 560 train CE: 2.99352 train ACC: 0.99862 test CE: 2.99324 test ACC: 0.99863
2017-09-08 00:23:03,921 INFO: Step: 570 train CE: 2.99340 train ACC: 0.99862 test CE: 2.99313 test ACC: 0.99863
2017-09-08 00:23:49,375 INFO: Step: 580 train CE: 2.99330 train ACC: 0.99861 test CE: 2.99302 test ACC: 0.99863
2017-09-08 00:24:34,034 INFO: Step: 590 train CE: 2.99319 train ACC: 0.99862 test CE: 2.99292 test ACC: 0.99863
2017-09-08 00:25:18,435 INFO: Step: 600 train CE: 2.99309 train ACC: 0.99862 test CE: 2.99282 test ACC: 0.99864
2017-09-08 00:25:18,436 INFO: Saving model at step 600 .......
2017-09-08 00:25:19,995 INFO: ok
2017-09-08 00:26:05,164 INFO: Step: 610 train CE: 2.99299 train ACC: 0.99862 test CE: 2.99273 test ACC: 0.99864
2017-09-08 00:26:49,558 INFO: Step: 620 train CE: 2.99290 train ACC: 0.99863 test CE: 2.99263 test ACC: 0.99864
2017-09-08 00:27:34,986 INFO: Step: 630 train CE: 2.99281 train ACC: 0.99863 test CE: 2.99254 test ACC: 0.99864
2017-09-08 00:28:19,749 INFO: Step: 640 train CE: 2.99272 train ACC: 0.99864 test CE: 2.99245 test ACC: 0.99864
2017-09-08 00:29:03,952 INFO: Step: 650 train CE: 2.99263 train ACC: 0.99863 test CE: 2.99237 test ACC: 0.99864
2017-09-08 00:29:49,191 INFO: Step: 660 train CE: 2.99255 train ACC: 0.99863 test CE: 2.99229 test ACC: 0.99864
2017-09-08 00:30:33,522 INFO: Step: 670 train CE: 2.99247 train ACC: 0.99864 test CE: 2.99221 test ACC: 0.99864
2017-09-08 00:31:18,737 INFO: Step: 680 train CE: 2.99239 train ACC: 0.99863 test CE: 2.99213 test ACC: 0.99864
2017-09-08 00:32:03,658 INFO: Step: 690 train CE: 2.99231 train ACC: 0.99864 test CE: 2.99205 test ACC: 0.99864
2017-09-08 00:32:47,940 INFO: Step: 700 train CE: 2.99223 train ACC: 0.99863 test CE: 2.99198 test ACC: 0.99864
2017-09-08 00:32:47,940 INFO: Saving model at step 700 .......
2017-09-08 00:32:49,114 INFO: ok
2017-09-08 00:33:34,365 INFO: Step: 710 train CE: 2.99216 train ACC: 0.99864 test CE: 2.99191 test ACC: 0.99864
2017-09-08 00:34:18,954 INFO: Step: 720 train CE: 2.99209 train ACC: 0.99863 test CE: 2.99184 test ACC: 0.99864
2017-09-08 00:35:04,216 INFO: Step: 730 train CE: 2.99202 train ACC: 0.99863 test CE: 2.99177 test ACC: 0.99864
2017-09-08 00:35:48,949 INFO: Step: 740 train CE: 2.99195 train ACC: 0.99863 test CE: 2.99170 test ACC: 0.99864
2017-09-08 00:36:33,185 INFO: Step: 750 train CE: 2.99189 train ACC: 0.99864 test CE: 2.99164 test ACC: 0.99864
2017-09-08 00:37:18,234 INFO: Step: 760 train CE: 2.99182 train ACC: 0.99864 test CE: 2.99158 test ACC: 0.99864
2017-09-08 00:38:02,951 INFO: Step: 770 train CE: 2.99176 train ACC: 0.99864 test CE: 2.99152 test ACC: 0.99864
2017-09-08 00:38:47,763 INFO: Step: 780 train CE: 2.99170 train ACC: 0.99864 test CE: 2.99146 test ACC: 0.99864
2017-09-08 00:39:32,494 INFO: Step: 790 train CE: 2.99164 train ACC: 0.99864 test CE: 2.99140 test ACC: 0.99864
2017-09-08 00:40:16,929 INFO: Step: 800 train CE: 2.99158 train ACC: 0.99865 test CE: 2.99134 test ACC: 0.99864
2017-09-08 00:40:16,929 INFO: Saving model at step 800 .......
2017-09-08 00:40:18,141 INFO: ok
2017-09-08 00:41:03,241 INFO: Step: 810 train CE: 2.99152 train ACC: 0.99864 test CE: 2.99129 test ACC: 0.99865
2017-09-08 00:41:48,125 INFO: Step: 820 train CE: 2.99147 train ACC: 0.99865 test CE: 2.99123 test ACC: 0.99864
2017-09-08 00:42:32,490 INFO: Step: 830 train CE: 2.99141 train ACC: 0.99865 test CE: 2.99118 test ACC: 0.99864
2017-09-08 00:43:17,693 INFO: Step: 840 train CE: 2.99136 train ACC: 0.99865 test CE: 2.99113 test ACC: 0.99864
2017-09-08 00:44:02,145 INFO: Step: 850 train CE: 2.99131 train ACC: 0.99865 test CE: 2.99107 test ACC: 0.99864
2017-09-08 00:44:46,888 INFO: Step: 860 train CE: 2.99126 train ACC: 0.99865 test CE: 2.99103 test ACC: 0.99864
2017-09-08 00:45:31,827 INFO: Step: 870 train CE: 2.99121 train ACC: 0.99865 test CE: 2.99098 test ACC: 0.99864
2017-09-08 00:46:15,901 INFO: Step: 880 train CE: 2.99116 train ACC: 0.99865 test CE: 2.99093 test ACC: 0.99864
2017-09-08 00:47:01,419 INFO: Step: 890 train CE: 2.99111 train ACC: 0.99866 test CE: 2.99088 test ACC: 0.99864
2017-09-08 00:47:46,044 INFO: Step: 900 train CE: 2.99106 train ACC: 0.99866 test CE: 2.99084 test ACC: 0.99865
2017-09-08 00:47:46,045 INFO: Saving model at step 900 .......
2017-09-08 00:47:47,261 INFO: ok
2017-09-08 00:48:31,728 INFO: Step: 910 train CE: 2.99102 train ACC: 0.99866 test CE: 2.99079 test ACC: 0.99865
2017-09-08 00:49:16,986 INFO: Step: 920 train CE: 2.99097 train ACC: 0.99866 test CE: 2.99075 test ACC: 0.99864
2017-09-08 00:50:01,299 INFO: Step: 930 train CE: 2.99093 train ACC: 0.99866 test CE: 2.99071 test ACC: 0.99864
2017-09-08 00:50:46,783 INFO: Step: 940 train CE: 2.99089 train ACC: 0.99866 test CE: 2.99066 test ACC: 0.99864
2017-09-08 00:51:31,210 INFO: Step: 950 train CE: 2.99084 train ACC: 0.99866 test CE: 2.99062 test ACC: 0.99865
2017-09-08 00:52:15,475 INFO: Step: 960 train CE: 2.99080 train ACC: 0.99866 test CE: 2.99058 test ACC: 0.99865
2017-09-08 00:53:00,850 INFO: Step: 970 train CE: 2.99076 train ACC: 0.99866 test CE: 2.99054 test ACC: 0.99864
2017-09-08 00:53:45,273 INFO: Step: 980 train CE: 2.99072 train ACC: 0.99866 test CE: 2.99050 test ACC: 0.99865
2017-09-08 00:54:29,776 INFO: Step: 990 train CE: 2.99068 train ACC: 0.99866 test CE: 2.99046 test ACC: 0.99865
2017-09-08 00:55:14,320 INFO: Step: 1000 train CE: 2.99064 train ACC: 0.99866 test CE: 2.99042 test ACC: 0.99865
2017-09-08 00:55:14,321 INFO: Saving model at step 1000 .......
2017-09-08 00:55:15,639 INFO: ok
2017-09-08 00:55:59,871 INFO: Step: 1010 train CE: 2.99060 train ACC: 0.99867 test CE: 2.99039 test ACC: 0.99865
2017-09-08 00:56:45,109 INFO: Step: 1020 train CE: 2.99056 train ACC: 0.99866 test CE: 2.99035 test ACC: 0.99865
2017-09-08 00:57:29,602 INFO: Step: 1030 train CE: 2.99052 train ACC: 0.99866 test CE: 2.99031 test ACC: 0.99865
2017-09-08 00:58:14,102 INFO: Step: 1040 train CE: 2.99049 train ACC: 0.99866 test CE: 2.99028 test ACC: 0.99865
2017-09-08 00:58:59,098 INFO: Step: 1050 train CE: 2.99045 train ACC: 0.99866 test CE: 2.99024 test ACC: 0.99865
2017-09-08 00:59:43,217 INFO: Step: 1060 train CE: 2.99042 train ACC: 0.99867 test CE: 2.99021 test ACC: 0.99865
2017-09-08 01:00:28,163 INFO: Step: 1070 train CE: 2.99038 train ACC: 0.99866 test CE: 2.99017 test ACC: 0.99865
2017-09-08 01:01:12,558 INFO: Step: 1080 train CE: 2.99035 train ACC: 0.99867 test CE: 2.99014 test ACC: 0.99865
2017-09-08 01:01:56,824 INFO: Step: 1090 train CE: 2.99031 train ACC: 0.99867 test CE: 2.99011 test ACC: 0.99865
2017-09-08 01:02:41,865 INFO: Step: 1100 train CE: 2.99028 train ACC: 0.99867 test CE: 2.99008 test ACC: 0.99865
2017-09-08 01:02:41,865 INFO: Saving model at step 1100 .......
2017-09-08 01:02:43,310 INFO: ok
2017-09-08 01:03:27,839 INFO: Step: 1110 train CE: 2.99025 train ACC: 0.99867 test CE: 2.99005 test ACC: 0.99865
2017-09-08 01:04:13,064 INFO: Step: 1120 train CE: 2.99022 train ACC: 0.99867 test CE: 2.99002 test ACC: 0.99865
2017-09-08 01:04:57,839 INFO: Step: 1130 train CE: 2.99018 train ACC: 0.99867 test CE: 2.98998 test ACC: 0.99865
2017-09-08 01:05:41,896 INFO: Step: 1140 train CE: 2.99015 train ACC: 0.99867 test CE: 2.98995 test ACC: 0.99865
2017-09-08 01:06:26,708 INFO: Step: 1150 train CE: 2.99012 train ACC: 0.99867 test CE: 2.98992 test ACC: 0.99865
2017-09-08 01:07:11,219 INFO: Step: 1160 train CE: 2.99009 train ACC: 0.99867 test CE: 2.98989 test ACC: 0.99865
2017-09-08 01:07:55,639 INFO: Step: 1170 train CE: 2.99006 train ACC: 0.99867 test CE: 2.98987 test ACC: 0.99866
2017-09-08 01:08:40,613 INFO: Step: 1180 train CE: 2.99003 train ACC: 0.99867 test CE: 2.98984 test ACC: 0.99866
2017-09-08 01:09:24,615 INFO: Step: 1190 train CE: 2.99000 train ACC: 0.99867 test CE: 2.98981 test ACC: 0.99865
2017-09-08 01:10:09,370 INFO: Step: 1200 train CE: 2.98998 train ACC: 0.99867 test CE: 2.98978 test ACC: 0.99866
2017-09-08 01:10:09,371 INFO: Saving model at step 1200 .......
2017-09-08 01:10:10,556 INFO: ok
2017-09-08 01:10:55,185 INFO: Step: 1210 train CE: 2.98995 train ACC: 0.99867 test CE: 2.98975 test ACC: 0.99866
2017-09-08 01:11:39,460 INFO: Step: 1220 train CE: 2.98992 train ACC: 0.99867 test CE: 2.98973 test ACC: 0.99866
2017-09-08 01:12:24,365 INFO: Step: 1230 train CE: 2.98989 train ACC: 0.99867 test CE: 2.98970 test ACC: 0.99865
2017-09-08 01:13:08,620 INFO: Step: 1240 train CE: 2.98987 train ACC: 0.99867 test CE: 2.98967 test ACC: 0.99866
2017-09-08 01:13:53,645 INFO: Step: 1250 train CE: 2.98984 train ACC: 0.99867 test CE: 2.98965 test ACC: 0.99866
2017-09-08 01:14:38,473 INFO: Step: 1260 train CE: 2.98981 train ACC: 0.99867 test CE: 2.98962 test ACC: 0.99866
2017-09-08 01:15:22,597 INFO: Step: 1270 train CE: 2.98979 train ACC: 0.99867 test CE: 2.98960 test ACC: 0.99866
2017-09-08 01:16:07,507 INFO: Step: 1280 train CE: 2.98976 train ACC: 0.99867 test CE: 2.98957 test ACC: 0.99866
2017-09-08 01:16:51,876 INFO: Step: 1290 train CE: 2.98974 train ACC: 0.99867 test CE: 2.98955 test ACC: 0.99866
2017-09-08 01:17:37,152 INFO: Step: 1300 train CE: 2.98971 train ACC: 0.99867 test CE: 2.98952 test ACC: 0.99866
2017-09-08 01:17:37,152 INFO: Saving model at step 1300 .......
2017-09-08 01:17:41,576 INFO: ok
2017-09-08 01:18:26,951 INFO: Step: 1310 train CE: 2.98968 train ACC: 0.99867 test CE: 2.98950 test ACC: 0.99866
2017-09-08 01:19:11,443 INFO: Step: 1320 train CE: 2.98966 train ACC: 0.99867 test CE: 2.98948 test ACC: 0.99866
2017-09-08 01:19:57,383 INFO: Step: 1330 train CE: 2.98964 train ACC: 0.99867 test CE: 2.98945 test ACC: 0.99867
2017-09-08 01:20:42,079 INFO: Step: 1340 train CE: 2.98961 train ACC: 0.99867 test CE: 2.98943 test ACC: 0.99867
2017-09-08 01:21:26,430 INFO: Step: 1350 train CE: 2.98959 train ACC: 0.99867 test CE: 2.98941 test ACC: 0.99867
2017-09-08 01:22:13,055 INFO: Step: 1360 train CE: 2.98956 train ACC: 0.99867 test CE: 2.98938 test ACC: 0.99867
2017-09-08 01:22:57,085 INFO: Step: 1370 train CE: 2.98954 train ACC: 0.99867 test CE: 2.98936 test ACC: 0.99867
2017-09-08 01:23:42,451 INFO: Step: 1380 train CE: 2.98952 train ACC: 0.99867 test CE: 2.98934 test ACC: 0.99867
2017-09-08 01:24:26,926 INFO: Step: 1390 train CE: 2.98950 train ACC: 0.99867 test CE: 2.98932 test ACC: 0.99867
2017-09-08 01:25:11,152 INFO: Step: 1400 train CE: 2.98947 train ACC: 0.99867 test CE: 2.98930 test ACC: 0.99867
2017-09-08 01:25:11,153 INFO: Saving model at step 1400 .......
2017-09-08 01:25:12,671 INFO: ok
2017-09-08 01:25:57,724 INFO: Step: 1410 train CE: 2.98945 train ACC: 0.99867 test CE: 2.98928 test ACC: 0.99867
2017-09-08 01:26:41,905 INFO: Step: 1420 train CE: 2.98943 train ACC: 0.99867 test CE: 2.98926 test ACC: 0.99867
2017-09-08 01:27:26,965 INFO: Step: 1430 train CE: 2.98941 train ACC: 0.99867 test CE: 2.98923 test ACC: 0.99867
2017-09-08 01:28:11,617 INFO: Step: 1440 train CE: 2.98939 train ACC: 0.99867 test CE: 2.98921 test ACC: 0.99867
2017-09-08 01:28:55,773 INFO: Step: 1450 train CE: 2.98937 train ACC: 0.99868 test CE: 2.98920 test ACC: 0.99867
2017-09-08 01:29:41,001 INFO: Step: 1460 train CE: 2.98934 train ACC: 0.99867 test CE: 2.98917 test ACC: 0.99867
2017-09-08 01:30:25,711 INFO: Step: 1470 train CE: 2.98932 train ACC: 0.99868 test CE: 2.98915 test ACC: 0.99867
2017-09-08 01:31:10,186 INFO: Step: 1480 train CE: 2.98930 train ACC: 0.99868 test CE: 2.98913 test ACC: 0.99867
2017-09-08 01:31:55,244 INFO: Step: 1490 train CE: 2.98928 train ACC: 0.99868 test CE: 2.98911 test ACC: 0.99867
2017-09-08 01:32:39,435 INFO: Step: 1500 train CE: 2.98926 train ACC: 0.99867 test CE: 2.98910 test ACC: 0.99867
2017-09-08 01:32:39,435 INFO: Saving model at step 1500 .......
2017-09-08 01:32:40,828 INFO: ok
2017-09-08 01:33:25,974 INFO: Step: 1510 train CE: 2.98924 train ACC: 0.99867 test CE: 2.98908 test ACC: 0.99867
2017-09-08 01:34:10,555 INFO: Step: 1520 train CE: 2.98922 train ACC: 0.99868 test CE: 2.98906 test ACC: 0.99867
2017-09-08 01:34:54,980 INFO: Step: 1530 train CE: 2.98920 train ACC: 0.99867 test CE: 2.98904 test ACC: 0.99867
2017-09-08 01:35:40,216 INFO: Step: 1540 train CE: 2.98918 train ACC: 0.99868 test CE: 2.98902 test ACC: 0.99867
2017-09-08 01:36:24,224 INFO: Step: 1550 train CE: 2.98916 train ACC: 0.99868 test CE: 2.98900 test ACC: 0.99867
2017-09-08 01:37:09,341 INFO: Step: 1560 train CE: 2.98915 train ACC: 0.99867 test CE: 2.98898 test ACC: 0.99867
2017-09-08 01:37:54,121 INFO: Step: 1570 train CE: 2.98913 train ACC: 0.99868 test CE: 2.98897 test ACC: 0.99867
2017-09-08 01:38:38,213 INFO: Step: 1580 train CE: 2.98911 train ACC: 0.99868 test CE: 2.98895 test ACC: 0.99867
2017-09-08 01:39:23,594 INFO: Step: 1590 train CE: 2.98909 train ACC: 0.99868 test CE: 2.98893 test ACC: 0.99868
2017-09-08 01:40:07,886 INFO: Step: 1600 train CE: 2.98907 train ACC: 0.99868 test CE: 2.98891 test ACC: 0.99868
2017-09-08 01:40:07,886 INFO: Saving model at step 1600 .......
2017-09-08 01:40:09,107 INFO: ok
2017-09-08 01:40:54,148 INFO: Step: 1610 train CE: 2.98905 train ACC: 0.99868 test CE: 2.98889 test ACC: 0.99868
2017-09-08 01:41:39,148 INFO: Step: 1620 train CE: 2.98904 train ACC: 0.99868 test CE: 2.98888 test ACC: 0.99868
2017-09-08 01:42:23,299 INFO: Step: 1630 train CE: 2.98902 train ACC: 0.99868 test CE: 2.98886 test ACC: 0.99868
2017-09-08 01:43:08,607 INFO: Step: 1640 train CE: 2.98900 train ACC: 0.99868 test CE: 2.98884 test ACC: 0.99868
2017-09-08 01:43:53,367 INFO: Step: 1650 train CE: 2.98898 train ACC: 0.99868 test CE: 2.98883 test ACC: 0.99868
2017-09-08 01:44:37,951 INFO: Step: 1660 train CE: 2.98896 train ACC: 0.99868 test CE: 2.98881 test ACC: 0.99868
2017-09-08 01:45:22,981 INFO: Step: 1670 train CE: 2.98895 train ACC: 0.99869 test CE: 2.98879 test ACC: 0.99869
2017-09-08 01:46:07,319 INFO: Step: 1680 train CE: 2.98893 train ACC: 0.99869 test CE: 2.98878 test ACC: 0.99868
2017-09-08 01:46:52,403 INFO: Step: 1690 train CE: 2.98891 train ACC: 0.99869 test CE: 2.98876 test ACC: 0.99868
2017-09-08 01:47:37,250 INFO: Step: 1700 train CE: 2.98890 train ACC: 0.99869 test CE: 2.98875 test ACC: 0.99868
2017-09-08 01:47:37,250 INFO: Saving model at step 1700 .......
2017-09-08 01:47:38,237 INFO: ok
2017-09-08 01:48:22,504 INFO: Step: 1710 train CE: 2.98888 train ACC: 0.99869 test CE: 2.98873 test ACC: 0.99868
2017-09-08 01:49:07,566 INFO: Step: 1720 train CE: 2.98886 train ACC: 0.99869 test CE: 2.98871 test ACC: 0.99869
2017-09-08 01:49:51,872 INFO: Step: 1730 train CE: 2.98885 train ACC: 0.99869 test CE: 2.98870 test ACC: 0.99868
2017-09-08 01:50:36,774 INFO: Step: 1740 train CE: 2.98883 train ACC: 0.99869 test CE: 2.98868 test ACC: 0.99869
2017-09-08 01:51:21,200 INFO: Step: 1750 train CE: 2.98881 train ACC: 0.99869 test CE: 2.98867 test ACC: 0.99868
2017-09-08 01:52:05,440 INFO: Step: 1760 train CE: 2.98880 train ACC: 0.99869 test CE: 2.98865 test ACC: 0.99868
2017-09-08 01:52:50,618 INFO: Step: 1770 train CE: 2.98878 train ACC: 0.99869 test CE: 2.98864 test ACC: 0.99869
2017-09-08 01:53:35,247 INFO: Step: 1780 train CE: 2.98877 train ACC: 0.99870 test CE: 2.98862 test ACC: 0.99869
2017-09-08 01:54:19,815 INFO: Step: 1790 train CE: 2.98875 train ACC: 0.99869 test CE: 2.98861 test ACC: 0.99869
2017-09-08 01:55:04,799 INFO: Step: 1800 train CE: 2.98874 train ACC: 0.99869 test CE: 2.98859 test ACC: 0.99869
2017-09-08 01:55:04,800 INFO: Saving model at step 1800 .......
2017-09-08 01:55:06,080 INFO: ok
2017-09-08 01:55:50,544 INFO: Step: 1810 train CE: 2.98872 train ACC: 0.99869 test CE: 2.98858 test ACC: 0.99869
2017-09-08 01:56:36,024 INFO: Step: 1820 train CE: 2.98870 train ACC: 0.99869 test CE: 2.98856 test ACC: 0.99869
2017-09-08 01:57:20,791 INFO: Step: 1830 train CE: 2.98869 train ACC: 0.99869 test CE: 2.98855 test ACC: 0.99869
2017-09-08 01:58:05,203 INFO: Step: 1840 train CE: 2.98867 train ACC: 0.99869 test CE: 2.98854 test ACC: 0.99869
2017-09-08 01:58:50,242 INFO: Step: 1850 train CE: 2.98866 train ACC: 0.99869 test CE: 2.98852 test ACC: 0.99869
2017-09-08 01:59:34,591 INFO: Step: 1860 train CE: 2.98865 train ACC: 0.99870 test CE: 2.98851 test ACC: 0.99869
2017-09-08 02:00:19,607 INFO: Step: 1870 train CE: 2.98863 train ACC: 0.99869 test CE: 2.98849 test ACC: 0.99869
2017-09-08 02:01:04,277 INFO: Step: 1880 train CE: 2.98862 train ACC: 0.99870 test CE: 2.98848 test ACC: 0.99869
2017-09-08 02:01:48,471 INFO: Step: 1890 train CE: 2.98860 train ACC: 0.99870 test CE: 2.98847 test ACC: 0.99870
2017-09-08 02:02:33,406 INFO: Step: 1900 train CE: 2.98859 train ACC: 0.99870 test CE: 2.98845 test ACC: 0.99870
2017-09-08 02:02:33,406 INFO: Saving model at step 1900 .......
2017-09-08 02:02:34,906 INFO: ok
2017-09-08 02:03:19,447 INFO: Step: 1910 train CE: 2.98857 train ACC: 0.99870 test CE: 2.98844 test ACC: 0.99869
2017-09-08 02:04:04,089 INFO: Step: 1920 train CE: 2.98856 train ACC: 0.99870 test CE: 2.98843 test ACC: 0.99869
2017-09-08 02:04:48,854 INFO: Step: 1930 train CE: 2.98855 train ACC: 0.99870 test CE: 2.98841 test ACC: 0.99870
2017-09-08 02:05:33,006 INFO: Step: 1940 train CE: 2.98853 train ACC: 0.99870 test CE: 2.98840 test ACC: 0.99870
2017-09-08 02:06:18,087 INFO: Step: 1950 train CE: 2.98852 train ACC: 0.99870 test CE: 2.98839 test ACC: 0.99870
2017-09-08 02:07:02,628 INFO: Step: 1960 train CE: 2.98850 train ACC: 0.99870 test CE: 2.98838 test ACC: 0.99870
2017-09-08 02:07:47,201 INFO: Step: 1970 train CE: 2.98849 train ACC: 0.99870 test CE: 2.98836 test ACC: 0.99870
2017-09-08 02:08:32,088 INFO: Step: 1980 train CE: 2.98848 train ACC: 0.99870 test CE: 2.98835 test ACC: 0.99870
2017-09-08 02:09:16,321 INFO: Step: 1990 train CE: 2.98846 train ACC: 0.99870 test CE: 2.98834 test ACC: 0.99870
2017-09-08 02:10:01,549 INFO: Step: 2000 train CE: 2.98845 train ACC: 0.99871 test CE: 2.98833 test ACC: 0.99870
2017-09-08 02:10:01,549 INFO: Saving model at step 2000 .......
2017-09-08 02:10:02,827 INFO: ok
2017-09-08 02:10:47,569 INFO: Step: 2010 train CE: 2.98844 train ACC: 0.99870 test CE: 2.98831 test ACC: 0.99870
2017-09-08 02:11:31,662 INFO: Step: 2020 train CE: 2.98842 train ACC: 0.99871 test CE: 2.98830 test ACC: 0.99870
2017-09-08 02:12:16,860 INFO: Step: 2030 train CE: 2.98841 train ACC: 0.99871 test CE: 2.98829 test ACC: 0.99870
2017-09-08 02:13:01,338 INFO: Step: 2040 train CE: 2.98840 train ACC: 0.99871 test CE: 2.98827 test ACC: 0.99870
2017-09-08 02:13:46,280 INFO: Step: 2050 train CE: 2.98839 train ACC: 0.99871 test CE: 2.98826 test ACC: 0.99870
2017-09-08 02:14:31,446 INFO: Step: 2060 train CE: 2.98837 train ACC: 0.99871 test CE: 2.98825 test ACC: 0.99870
2017-09-08 02:15:15,502 INFO: Step: 2070 train CE: 2.98836 train ACC: 0.99871 test CE: 2.98824 test ACC: 0.99870
2017-09-08 02:16:00,666 INFO: Step: 2080 train CE: 2.98835 train ACC: 0.99871 test CE: 2.98823 test ACC: 0.99870
2017-09-08 02:16:45,122 INFO: Step: 2090 train CE: 2.98833 train ACC: 0.99871 test CE: 2.98822 test ACC: 0.99870
2017-09-08 02:17:29,728 INFO: Step: 2100 train CE: 2.98832 train ACC: 0.99871 test CE: 2.98820 test ACC: 0.99870
2017-09-08 02:17:29,729 INFO: Saving model at step 2100 .......
2017-09-08 02:17:31,038 INFO: ok
2017-09-08 02:18:16,146 INFO: Step: 2110 train CE: 2.98831 train ACC: 0.99870 test CE: 2.98819 test ACC: 0.99870
2017-09-08 02:19:00,385 INFO: Step: 2120 train CE: 2.98830 train ACC: 0.99871 test CE: 2.98818 test ACC: 0.99870
2017-09-08 02:19:45,431 INFO: Step: 2130 train CE: 2.98829 train ACC: 0.99871 test CE: 2.98817 test ACC: 0.99870
2017-09-08 02:20:30,206 INFO: Step: 2140 train CE: 2.98827 train ACC: 0.99871 test CE: 2.98816 test ACC: 0.99870
2017-09-08 02:21:14,162 INFO: Step: 2150 train CE: 2.98826 train ACC: 0.99871 test CE: 2.98815 test ACC: 0.99870
2017-09-08 02:22:00,785 INFO: Step: 2160 train CE: 2.98825 train ACC: 0.99871 test CE: 2.98814 test ACC: 0.99870
2017-09-08 02:22:45,243 INFO: Step: 2170 train CE: 2.98824 train ACC: 0.99870 test CE: 2.98812 test ACC: 0.99870
2017-09-08 02:23:30,868 INFO: Step: 2180 train CE: 2.98823 train ACC: 0.99870 test CE: 2.98811 test ACC: 0.99870
2017-09-08 02:24:15,742 INFO: Step: 2190 train CE: 2.98821 train ACC: 0.99871 test CE: 2.98810 test ACC: 0.99870
2017-09-08 02:24:59,791 INFO: Step: 2200 train CE: 2.98820 train ACC: 0.99870 test CE: 2.98809 test ACC: 0.99871
2017-09-08 02:24:59,791 INFO: Saving model at step 2200 .......
2017-09-08 02:25:00,994 INFO: ok
2017-09-08 02:25:46,430 INFO: Step: 2210 train CE: 2.98819 train ACC: 0.99871 test CE: 2.98808 test ACC: 0.99870
2017-09-08 02:26:30,927 INFO: Step: 2220 train CE: 2.98818 train ACC: 0.99871 test CE: 2.98807 test ACC: 0.99871
2017-09-08 02:27:15,750 INFO: Step: 2230 train CE: 2.98817 train ACC: 0.99871 test CE: 2.98806 test ACC: 0.99871
2017-09-08 02:28:00,966 INFO: Step: 2240 train CE: 2.98816 train ACC: 0.99871 test CE: 2.98805 test ACC: 0.99871
2017-09-08 02:28:45,086 INFO: Step: 2250 train CE: 2.98814 train ACC: 0.99871 test CE: 2.98804 test ACC: 0.99871
2017-09-08 02:29:30,046 INFO: Step: 2260 train CE: 2.98813 train ACC: 0.99871 test CE: 2.98803 test ACC: 0.99870
2017-09-08 02:30:14,416 INFO: Step: 2270 train CE: 2.98812 train ACC: 0.99871 test CE: 2.98802 test ACC: 0.99870
2017-09-08 02:30:58,691 INFO: Step: 2280 train CE: 2.98811 train ACC: 0.99871 test CE: 2.98801 test ACC: 0.99870
2017-09-08 02:31:43,445 INFO: Step: 2290 train CE: 2.98810 train ACC: 0.99871 test CE: 2.98800 test ACC: 0.99870
2017-09-08 02:32:27,719 INFO: Step: 2300 train CE: 2.98809 train ACC: 0.99871 test CE: 2.98799 test ACC: 0.99871
2017-09-08 02:32:27,719 INFO: Saving model at step 2300 .......
2017-09-08 02:32:29,127 INFO: ok
2017-09-08 02:33:14,106 INFO: Step: 2310 train CE: 2.98808 train ACC: 0.99871 test CE: 2.98798 test ACC: 0.99871
2017-09-08 02:33:58,989 INFO: Step: 2320 train CE: 2.98807 train ACC: 0.99871 test CE: 2.98796 test ACC: 0.99871
2017-09-08 02:34:43,226 INFO: Step: 2330 train CE: 2.98805 train ACC: 0.99871 test CE: 2.98796 test ACC: 0.99870
2017-09-08 02:35:28,647 INFO: Step: 2340 train CE: 2.98804 train ACC: 0.99871 test CE: 2.98795 test ACC: 0.99870
2017-09-08 02:36:12,990 INFO: Step: 2350 train CE: 2.98803 train ACC: 0.99871 test CE: 2.98793 test ACC: 0.99870
2017-09-08 02:36:57,928 INFO: Step: 2360 train CE: 2.98802 train ACC: 0.99871 test CE: 2.98792 test ACC: 0.99871
2017-09-08 02:37:42,900 INFO: Step: 2370 train CE: 2.98801 train ACC: 0.99871 test CE: 2.98792 test ACC: 0.99871
2017-09-08 02:38:26,803 INFO: Step: 2380 train CE: 2.98800 train ACC: 0.99871 test CE: 2.98791 test ACC: 0.99871
2017-09-08 02:39:11,944 INFO: Step: 2390 train CE: 2.98799 train ACC: 0.99871 test CE: 2.98790 test ACC: 0.99871
2017-09-08 02:39:56,751 INFO: Step: 2400 train CE: 2.98798 train ACC: 0.99871 test CE: 2.98789 test ACC: 0.99871
2017-09-08 02:39:56,751 INFO: Saving model at step 2400 .......
2017-09-08 02:39:57,945 INFO: ok
2017-09-08 02:40:42,740 INFO: Step: 2410 train CE: 2.98797 train ACC: 0.99871 test CE: 2.98787 test ACC: 0.99871
2017-09-08 02:41:27,690 INFO: Step: 2420 train CE: 2.98796 train ACC: 0.99871 test CE: 2.98787 test ACC: 0.99871
2017-09-08 02:42:11,926 INFO: Step: 2430 train CE: 2.98795 train ACC: 0.99871 test CE: 2.98786 test ACC: 0.99871
2017-09-08 02:42:56,853 INFO: Step: 2440 train CE: 2.98794 train ACC: 0.99871 test CE: 2.98785 test ACC: 0.99871
2017-09-08 02:43:41,451 INFO: Step: 2450 train CE: 2.98793 train ACC: 0.99871 test CE: 2.98784 test ACC: 0.99871
2017-09-08 02:44:25,865 INFO: Step: 2460 train CE: 2.98792 train ACC: 0.99871 test CE: 2.98783 test ACC: 0.99871
2017-09-08 02:45:10,829 INFO: Step: 2470 train CE: 2.98791 train ACC: 0.99871 test CE: 2.98782 test ACC: 0.99871
2017-09-08 02:45:55,100 INFO: Step: 2480 train CE: 2.98790 train ACC: 0.99872 test CE: 2.98781 test ACC: 0.99871
2017-09-08 02:46:39,921 INFO: Step: 2490 train CE: 2.98789 train ACC: 0.99871 test CE: 2.98780 test ACC: 0.99872
2017-09-08 02:47:24,861 INFO: Step: 2500 train CE: 2.98788 train ACC: 0.99871 test CE: 2.98779 test ACC: 0.99871
2017-09-08 02:47:24,861 INFO: Saving model at step 2500 .......
2017-09-08 02:47:26,088 INFO: ok
2017-09-08 02:48:10,207 INFO: Step: 2510 train CE: 2.98787 train ACC: 0.99872 test CE: 2.98778 test ACC: 0.99871
2017-09-08 02:48:55,445 INFO: Step: 2520 train CE: 2.98786 train ACC: 0.99872 test CE: 2.98777 test ACC: 0.99871
2017-09-08 02:49:39,844 INFO: Step: 2530 train CE: 2.98784 train ACC: 0.99872 test CE: 2.98776 test ACC: 0.99871
2017-09-08 02:50:24,515 INFO: Step: 2540 train CE: 2.98783 train ACC: 0.99872 test CE: 2.98775 test ACC: 0.99871
2017-09-08 02:51:09,353 INFO: Step: 2550 train CE: 2.98782 train ACC: 0.99872 test CE: 2.98774 test ACC: 0.99871
2017-09-08 02:51:53,585 INFO: Step: 2560 train CE: 2.98781 train ACC: 0.99872 test CE: 2.98773 test ACC: 0.99871
2017-09-08 02:52:38,663 INFO: Step: 2570 train CE: 2.98780 train ACC: 0.99872 test CE: 2.98772 test ACC: 0.99871
2017-09-08 02:53:23,231 INFO: Step: 2580 train CE: 2.98779 train ACC: 0.99872 test CE: 2.98772 test ACC: 0.99871
2017-09-08 02:54:07,449 INFO: Step: 2590 train CE: 2.98779 train ACC: 0.99872 test CE: 2.98771 test ACC: 0.99871
2017-09-08 02:54:52,259 INFO: Step: 2600 train CE: 2.98777 train ACC: 0.99872 test CE: 2.98770 test ACC: 0.99871
2017-09-08 02:54:52,259 INFO: Saving model at step 2600 .......
2017-09-08 02:54:53,439 INFO: ok
2017-09-08 02:55:37,711 INFO: Step: 2610 train CE: 2.98777 train ACC: 0.99872 test CE: 2.98769 test ACC: 0.99871
2017-09-08 02:56:22,330 INFO: Step: 2620 train CE: 2.98776 train ACC: 0.99872 test CE: 2.98768 test ACC: 0.99871
2017-09-08 02:57:07,269 INFO: Step: 2630 train CE: 2.98775 train ACC: 0.99872 test CE: 2.98767 test ACC: 0.99871
2017-09-08 02:57:51,467 INFO: Step: 2640 train CE: 2.98774 train ACC: 0.99872 test CE: 2.98766 test ACC: 0.99871
2017-09-08 02:58:36,696 INFO: Step: 2650 train CE: 2.98773 train ACC: 0.99872 test CE: 2.98765 test ACC: 0.99872
2017-09-08 02:59:20,944 INFO: Step: 2660 train CE: 2.98772 train ACC: 0.99872 test CE: 2.98764 test ACC: 0.99871
2017-09-08 03:00:04,991 INFO: Step: 2670 train CE: 2.98771 train ACC: 0.99872 test CE: 2.98764 test ACC: 0.99871
2017-09-08 03:00:50,015 INFO: Step: 2680 train CE: 2.98770 train ACC: 0.99872 test CE: 2.98763 test ACC: 0.99871
2017-09-08 03:01:34,000 INFO: Step: 2690 train CE: 2.98769 train ACC: 0.99872 test CE: 2.98762 test ACC: 0.99872
2017-09-08 03:02:18,841 INFO: Step: 2700 train CE: 2.98768 train ACC: 0.99873 test CE: 2.98761 test ACC: 0.99871
2017-09-08 03:02:18,841 INFO: Saving model at step 2700 .......
2017-09-08 03:02:20,063 INFO: ok
2017-09-08 03:03:04,526 INFO: Step: 2710 train CE: 2.98767 train ACC: 0.99873 test CE: 2.98760 test ACC: 0.99872
2017-09-08 03:03:48,595 INFO: Step: 2720 train CE: 2.98766 train ACC: 0.99873 test CE: 2.98759 test ACC: 0.99872
2017-09-08 03:04:33,230 INFO: Step: 2730 train CE: 2.98765 train ACC: 0.99873 test CE: 2.98758 test ACC: 0.99871
2017-09-08 03:05:17,566 INFO: Step: 2740 train CE: 2.98764 train ACC: 0.99873 test CE: 2.98757 test ACC: 0.99872
2017-09-08 03:06:02,380 INFO: Step: 2750 train CE: 2.98763 train ACC: 0.99873 test CE: 2.98757 test ACC: 0.99872
2017-09-08 03:06:46,924 INFO: Step: 2760 train CE: 2.98762 train ACC: 0.99873 test CE: 2.98756 test ACC: 0.99872
2017-09-08 03:07:30,937 INFO: Step: 2770 train CE: 2.98761 train ACC: 0.99873 test CE: 2.98755 test ACC: 0.99872
2017-09-08 03:08:15,982 INFO: Step: 2780 train CE: 2.98761 train ACC: 0.99873 test CE: 2.98754 test ACC: 0.99872
2017-09-08 03:09:00,237 INFO: Step: 2790 train CE: 2.98760 train ACC: 0.99873 test CE: 2.98753 test ACC: 0.99872
2017-09-08 03:09:44,460 INFO: Step: 2800 train CE: 2.98759 train ACC: 0.99873 test CE: 2.98752 test ACC: 0.99872
2017-09-08 03:09:44,460 INFO: Saving model at step 2800 .......
2017-09-08 03:09:45,894 INFO: ok
2017-09-08 03:10:30,715 INFO: Step: 2810 train CE: 2.98758 train ACC: 0.99874 test CE: 2.98751 test ACC: 0.99872
2017-09-08 03:11:14,879 INFO: Step: 2820 train CE: 2.98757 train ACC: 0.99873 test CE: 2.98751 test ACC: 0.99872
2017-09-08 03:11:59,798 INFO: Step: 2830 train CE: 2.98756 train ACC: 0.99873 test CE: 2.98750 test ACC: 0.99872
2017-09-08 03:12:44,525 INFO: Step: 2840 train CE: 2.98755 train ACC: 0.99874 test CE: 2.98749 test ACC: 0.99872
2017-09-08 03:13:28,747 INFO: Step: 2850 train CE: 2.98754 train ACC: 0.99873 test CE: 2.98748 test ACC: 0.99872
2017-09-08 03:14:13,527 INFO: Step: 2860 train CE: 2.98753 train ACC: 0.99874 test CE: 2.98747 test ACC: 0.99872
2017-09-08 03:14:57,916 INFO: Step: 2870 train CE: 2.98752 train ACC: 0.99873 test CE: 2.98747 test ACC: 0.99872
2017-09-08 03:15:42,465 INFO: Step: 2880 train CE: 2.98752 train ACC: 0.99874 test CE: 2.98746 test ACC: 0.99872
2017-09-08 03:16:27,304 INFO: Step: 2890 train CE: 2.98751 train ACC: 0.99873 test CE: 2.98745 test ACC: 0.99872
2017-09-08 03:17:11,442 INFO: Step: 2900 train CE: 2.98750 train ACC: 0.99874 test CE: 2.98744 test ACC: 0.99872
2017-09-08 03:17:11,442 INFO: Saving model at step 2900 .......
2017-09-08 03:17:12,717 INFO: ok
2017-09-08 03:17:57,874 INFO: Step: 2910 train CE: 2.98749 train ACC: 0.99874 test CE: 2.98743 test ACC: 0.99872
2017-09-08 03:18:42,417 INFO: Step: 2920 train CE: 2.98748 train ACC: 0.99874 test CE: 2.98742 test ACC: 0.99872
2017-09-08 03:19:26,940 INFO: Step: 2930 train CE: 2.98747 train ACC: 0.99874 test CE: 2.98742 test ACC: 0.99872
2017-09-08 03:20:12,289 INFO: Step: 2940 train CE: 2.98746 train ACC: 0.99874 test CE: 2.98741 test ACC: 0.99872
2017-09-08 03:20:56,538 INFO: Step: 2950 train CE: 2.98745 train ACC: 0.99874 test CE: 2.98740 test ACC: 0.99872
2017-09-08 03:21:43,265 INFO: Step: 2960 train CE: 2.98744 train ACC: 0.99874 test CE: 2.98739 test ACC: 0.99872
2017-09-08 03:22:27,877 INFO: Step: 2970 train CE: 2.98744 train ACC: 0.99874 test CE: 2.98738 test ACC: 0.99872
2017-09-08 03:23:12,233 INFO: Step: 2980 train CE: 2.98743 train ACC: 0.99874 test CE: 2.98738 test ACC: 0.99872
2017-09-08 03:23:57,733 INFO: Step: 2990 train CE: 2.98742 train ACC: 0.99874 test CE: 2.98737 test ACC: 0.99872
2017-09-08 03:24:42,212 INFO: Step: 3000 train CE: 2.98741 train ACC: 0.99874 test CE: 2.98736 test ACC: 0.99872
2017-09-08 03:24:42,213 INFO: Saving model at step 3000 .......
2017-09-08 03:24:43,531 INFO: ok
2017-09-08 03:25:28,733 INFO: Step: 3010 train CE: 2.98740 train ACC: 0.99874 test CE: 2.98735 test ACC: 0.99872
2017-09-08 03:26:13,366 INFO: Step: 3020 train CE: 2.98739 train ACC: 0.99874 test CE: 2.98734 test ACC: 0.99872
2017-09-08 03:26:57,499 INFO: Step: 3030 train CE: 2.98738 train ACC: 0.99874 test CE: 2.98733 test ACC: 0.99872
2017-09-08 03:27:42,710 INFO: Step: 3040 train CE: 2.98738 train ACC: 0.99874 test CE: 2.98733 test ACC: 0.99872
2017-09-08 03:28:26,969 INFO: Step: 3050 train CE: 2.98737 train ACC: 0.99874 test CE: 2.98732 test ACC: 0.99872
2017-09-08 03:29:12,053 INFO: Step: 3060 train CE: 2.98736 train ACC: 0.99875 test CE: 2.98731 test ACC: 0.99872
2017-09-08 03:29:56,974 INFO: Step: 3070 train CE: 2.98735 train ACC: 0.99875 test CE: 2.98730 test ACC: 0.99872
2017-09-08 03:30:41,118 INFO: Step: 3080 train CE: 2.98734 train ACC: 0.99875 test CE: 2.98730 test ACC: 0.99873
2017-09-08 03:31:26,006 INFO: Step: 3090 train CE: 2.98733 train ACC: 0.99875 test CE: 2.98729 test ACC: 0.99872
2017-09-08 03:32:10,320 INFO: Step: 3100 train CE: 2.98732 train ACC: 0.99875 test CE: 2.98728 test ACC: 0.99872
2017-09-08 03:32:10,320 INFO: Saving model at step 3100 .......
2017-09-08 03:32:11,610 INFO: ok
2017-09-08 03:32:57,317 INFO: Step: 3110 train CE: 2.98732 train ACC: 0.99875 test CE: 2.98727 test ACC: 0.99872
2017-09-08 03:33:42,542 INFO: Step: 3120 train CE: 2.98731 train ACC: 0.99874 test CE: 2.98727 test ACC: 0.99873
2017-09-08 03:34:26,665 INFO: Step: 3130 train CE: 2.98730 train ACC: 0.99875 test CE: 2.98726 test ACC: 0.99873
2017-09-08 03:35:11,706 INFO: Step: 3140 train CE: 2.98729 train ACC: 0.99875 test CE: 2.98725 test ACC: 0.99873
2017-09-08 03:35:56,370 INFO: Step: 3150 train CE: 2.98728 train ACC: 0.99875 test CE: 2.98724 test ACC: 0.99872
2017-09-08 03:36:40,490 INFO: Step: 3160 train CE: 2.98727 train ACC: 0.99875 test CE: 2.98723 test ACC: 0.99873
2017-09-08 03:37:25,625 INFO: Step: 3170 train CE: 2.98727 train ACC: 0.99875 test CE: 2.98723 test ACC: 0.99873
2017-09-08 03:38:09,923 INFO: Step: 3180 train CE: 2.98726 train ACC: 0.99875 test CE: 2.98722 test ACC: 0.99873
2017-09-08 03:38:54,859 INFO: Step: 3190 train CE: 2.98725 train ACC: 0.99875 test CE: 2.98721 test ACC: 0.99873
2017-09-08 03:39:39,552 INFO: Step: 3200 train CE: 2.98724 train ACC: 0.99875 test CE: 2.98720 test ACC: 0.99873
2017-09-08 03:39:39,552 INFO: Saving model at step 3200 .......
2017-09-08 03:39:40,859 INFO: ok
2017-09-08 03:40:25,230 INFO: Step: 3210 train CE: 2.98723 train ACC: 0.99875 test CE: 2.98720 test ACC: 0.99873
2017-09-08 03:41:09,831 INFO: Step: 3220 train CE: 2.98722 train ACC: 0.99875 test CE: 2.98719 test ACC: 0.99873
2017-09-08 03:41:54,659 INFO: Step: 3230 train CE: 2.98722 train ACC: 0.99875 test CE: 2.98718 test ACC: 0.99873
2017-09-08 03:42:39,259 INFO: Step: 3240 train CE: 2.98721 train ACC: 0.99875 test CE: 2.98718 test ACC: 0.99873
2017-09-08 03:43:24,402 INFO: Step: 3250 train CE: 2.98720 train ACC: 0.99875 test CE: 2.98717 test ACC: 0.99873
2017-09-08 03:44:08,458 INFO: Step: 3260 train CE: 2.98719 train ACC: 0.99875 test CE: 2.98716 test ACC: 0.99873
2017-09-08 03:44:53,860 INFO: Step: 3270 train CE: 2.98718 train ACC: 0.99875 test CE: 2.98715 test ACC: 0.99873
2017-09-08 03:45:38,547 INFO: Step: 3280 train CE: 2.98717 train ACC: 0.99875 test CE: 2.98715 test ACC: 0.99873
2017-09-08 03:46:22,596 INFO: Step: 3290 train CE: 2.98717 train ACC: 0.99875 test CE: 2.98714 test ACC: 0.99873
2017-09-08 03:47:07,238 INFO: Step: 3300 train CE: 2.98716 train ACC: 0.99875 test CE: 2.98713 test ACC: 0.99873
2017-09-08 03:47:07,238 INFO: Saving model at step 3300 .......
2017-09-08 03:47:08,615 INFO: ok
2017-09-08 03:47:53,110 INFO: Step: 3310 train CE: 2.98715 train ACC: 0.99875 test CE: 2.98712 test ACC: 0.99873
2017-09-08 03:48:38,228 INFO: Step: 3320 train CE: 2.98714 train ACC: 0.99875 test CE: 2.98712 test ACC: 0.99873
2017-09-08 03:49:23,053 INFO: Step: 3330 train CE: 2.98713 train ACC: 0.99875 test CE: 2.98711 test ACC: 0.99873
2017-09-08 03:50:07,338 INFO: Step: 3340 train CE: 2.98713 train ACC: 0.99875 test CE: 2.98710 test ACC: 0.99873
2017-09-08 03:50:52,562 INFO: Step: 3350 train CE: 2.98712 train ACC: 0.99876 test CE: 2.98709 test ACC: 0.99873
2017-09-08 03:51:36,999 INFO: Step: 3360 train CE: 2.98711 train ACC: 0.99876 test CE: 2.98709 test ACC: 0.99874
2017-09-08 03:52:21,581 INFO: Step: 3370 train CE: 2.98710 train ACC: 0.99876 test CE: 2.98708 test ACC: 0.99873
2017-09-08 03:53:06,495 INFO: Step: 3380 train CE: 2.98709 train ACC: 0.99876 test CE: 2.98707 test ACC: 0.99873
2017-09-08 03:53:50,605 INFO: Step: 3390 train CE: 2.98709 train ACC: 0.99876 test CE: 2.98706 test ACC: 0.99873
2017-09-08 03:54:35,306 INFO: Step: 3400 train CE: 2.98708 train ACC: 0.99876 test CE: 2.98706 test ACC: 0.99874
2017-09-08 03:54:35,307 INFO: Saving model at step 3400 .......
2017-09-08 03:54:36,688 INFO: ok
2017-09-08 03:55:21,645 INFO: Step: 3410 train CE: 2.98707 train ACC: 0.99876 test CE: 2.98705 test ACC: 0.99874
2017-09-08 03:56:06,366 INFO: Step: 3420 train CE: 2.98706 train ACC: 0.99876 test CE: 2.98704 test ACC: 0.99874
2017-09-08 03:56:51,172 INFO: Step: 3430 train CE: 2.98705 train ACC: 0.99876 test CE: 2.98704 test ACC: 0.99874
2017-09-08 03:57:35,482 INFO: Step: 3440 train CE: 2.98704 train ACC: 0.99877 test CE: 2.98703 test ACC: 0.99874
2017-09-08 03:58:19,892 INFO: Step: 3450 train CE: 2.98704 train ACC: 0.99877 test CE: 2.98702 test ACC: 0.99874
2017-09-08 03:59:04,579 INFO: Step: 3460 train CE: 2.98703 train ACC: 0.99877 test CE: 2.98702 test ACC: 0.99874
2017-09-08 03:59:48,703 INFO: Step: 3470 train CE: 2.98702 train ACC: 0.99877 test CE: 2.98701 test ACC: 0.99874
2017-09-08 04:00:33,753 INFO: Step: 3480 train CE: 2.98701 train ACC: 0.99877 test CE: 2.98700 test ACC: 0.99874
2017-09-08 04:01:18,028 INFO: Step: 3490 train CE: 2.98700 train ACC: 0.99877 test CE: 2.98699 test ACC: 0.99874
2017-09-08 04:02:02,610 INFO: Step: 3500 train CE: 2.98700 train ACC: 0.99877 test CE: 2.98699 test ACC: 0.99874
2017-09-08 04:02:02,610 INFO: Saving model at step 3500 .......
2017-09-08 04:02:04,137 INFO: ok
2017-09-08 04:02:49,050 INFO: Step: 3510 train CE: 2.98699 train ACC: 0.99877 test CE: 2.98698 test ACC: 0.99874
2017-09-08 04:03:33,243 INFO: Step: 3520 train CE: 2.98698 train ACC: 0.99877 test CE: 2.98697 test ACC: 0.99874
2017-09-08 04:04:18,398 INFO: Step: 3530 train CE: 2.98697 train ACC: 0.99878 test CE: 2.98697 test ACC: 0.99874
2017-09-08 04:05:02,948 INFO: Step: 3540 train CE: 2.98696 train ACC: 0.99877 test CE: 2.98696 test ACC: 0.99874
2017-09-08 04:05:47,329 INFO: Step: 3550 train CE: 2.98696 train ACC: 0.99877 test CE: 2.98695 test ACC: 0.99874
2017-09-08 04:06:32,027 INFO: Step: 3560 train CE: 2.98695 train ACC: 0.99878 test CE: 2.98695 test ACC: 0.99874
2017-09-08 04:07:16,221 INFO: Step: 3570 train CE: 2.98694 train ACC: 0.99878 test CE: 2.98694 test ACC: 0.99874
2017-09-08 04:08:00,991 INFO: Step: 3580 train CE: 2.98693 train ACC: 0.99878 test CE: 2.98693 test ACC: 0.99875
2017-09-08 04:08:45,827 INFO: Step: 3590 train CE: 2.98693 train ACC: 0.99878 test CE: 2.98692 test ACC: 0.99874
2017-09-08 04:09:29,909 INFO: Step: 3600 train CE: 2.98692 train ACC: 0.99878 test CE: 2.98692 test ACC: 0.99874
2017-09-08 04:09:29,910 INFO: Saving model at step 3600 .......
2017-09-08 04:09:30,818 INFO: ok
2017-09-08 04:10:16,035 INFO: Step: 3610 train CE: 2.98691 train ACC: 0.99878 test CE: 2.98691 test ACC: 0.99875
2017-09-08 04:11:00,297 INFO: Step: 3620 train CE: 2.98690 train ACC: 0.99878 test CE: 2.98690 test ACC: 0.99875
2017-09-08 04:11:45,186 INFO: Step: 3630 train CE: 2.98689 train ACC: 0.99878 test CE: 2.98690 test ACC: 0.99874
2017-09-08 04:12:30,004 INFO: Step: 3640 train CE: 2.98689 train ACC: 0.99878 test CE: 2.98689 test ACC: 0.99874
2017-09-08 04:13:14,185 INFO: Step: 3650 train CE: 2.98688 train ACC: 0.99878 test CE: 2.98688 test ACC: 0.99875
2017-09-08 04:13:59,159 INFO: Step: 3660 train CE: 2.98687 train ACC: 0.99878 test CE: 2.98688 test ACC: 0.99875
2017-09-08 04:14:43,556 INFO: Step: 3670 train CE: 2.98686 train ACC: 0.99878 test CE: 2.98687 test ACC: 0.99875
2017-09-08 04:15:27,848 INFO: Step: 3680 train CE: 2.98686 train ACC: 0.99878 test CE: 2.98686 test ACC: 0.99875
2017-09-08 04:16:12,695 INFO: Step: 3690 train CE: 2.98685 train ACC: 0.99879 test CE: 2.98686 test ACC: 0.99875
2017-09-08 04:16:57,088 INFO: Step: 3700 train CE: 2.98684 train ACC: 0.99879 test CE: 2.98685 test ACC: 0.99875
2017-09-08 04:16:57,089 INFO: Saving model at step 3700 .......
2017-09-08 04:16:58,344 INFO: ok
2017-09-08 04:17:43,889 INFO: Step: 3710 train CE: 2.98683 train ACC: 0.99879 test CE: 2.98684 test ACC: 0.99875
2017-09-08 04:18:28,638 INFO: Step: 3720 train CE: 2.98682 train ACC: 0.99879 test CE: 2.98684 test ACC: 0.99875
2017-09-08 04:19:12,830 INFO: Step: 3730 train CE: 2.98682 train ACC: 0.99878 test CE: 2.98683 test ACC: 0.99875
2017-09-08 04:19:57,977 INFO: Step: 3740 train CE: 2.98681 train ACC: 0.99879 test CE: 2.98682 test ACC: 0.99875
2017-09-08 04:20:42,118 INFO: Step: 3750 train CE: 2.98680 train ACC: 0.99879 test CE: 2.98682 test ACC: 0.99875
2017-09-08 04:21:27,064 INFO: Step: 3760 train CE: 2.98679 train ACC: 0.99878 test CE: 2.98681 test ACC: 0.99876
2017-09-08 04:22:13,454 INFO: Step: 3770 train CE: 2.98679 train ACC: 0.99879 test CE: 2.98681 test ACC: 0.99875
2017-09-08 04:22:57,516 INFO: Step: 3780 train CE: 2.98678 train ACC: 0.99879 test CE: 2.98680 test ACC: 0.99875
2017-09-08 04:23:43,043 INFO: Step: 3790 train CE: 2.98677 train ACC: 0.99879 test CE: 2.98679 test ACC: 0.99875
2017-09-08 04:24:27,546 INFO: Step: 3800 train CE: 2.98676 train ACC: 0.99879 test CE: 2.98679 test ACC: 0.99876
2017-09-08 04:24:27,546 INFO: Saving model at step 3800 .......
2017-09-08 04:24:28,832 INFO: ok
2017-09-08 04:25:13,502 INFO: Step: 3810 train CE: 2.98676 train ACC: 0.99879 test CE: 2.98678 test ACC: 0.99875
2017-09-08 04:25:58,481 INFO: Step: 3820 train CE: 2.98675 train ACC: 0.99879 test CE: 2.98677 test ACC: 0.99875
2017-09-08 04:26:42,666 INFO: Step: 3830 train CE: 2.98674 train ACC: 0.99879 test CE: 2.98677 test ACC: 0.99875
2017-09-08 04:27:28,332 INFO: Step: 3840 train CE: 2.98673 train ACC: 0.99879 test CE: 2.98676 test ACC: 0.99876
2017-09-08 04:28:12,901 INFO: Step: 3850 train CE: 2.98673 train ACC: 0.99879 test CE: 2.98675 test ACC: 0.99876
2017-09-08 04:28:57,344 INFO: Step: 3860 train CE: 2.98672 train ACC: 0.99880 test CE: 2.98675 test ACC: 0.99875
2017-09-08 04:29:42,421 INFO: Step: 3870 train CE: 2.98671 train ACC: 0.99879 test CE: 2.98674 test ACC: 0.99875
2017-09-08 04:30:26,718 INFO: Step: 3880 train CE: 2.98670 train ACC: 0.99880 test CE: 2.98673 test ACC: 0.99876
2017-09-08 04:31:11,468 INFO: Step: 3890 train CE: 2.98670 train ACC: 0.99879 test CE: 2.98673 test ACC: 0.99876
2017-09-08 04:31:56,169 INFO: Step: 3900 train CE: 2.98669 train ACC: 0.99880 test CE: 2.98672 test ACC: 0.99876
2017-09-08 04:31:56,169 INFO: Saving model at step 3900 .......
2017-09-08 04:31:57,417 INFO: ok
2017-09-08 04:32:41,636 INFO: Step: 3910 train CE: 2.98668 train ACC: 0.99879 test CE: 2.98672 test ACC: 0.99876
2017-09-08 04:33:26,761 INFO: Step: 3920 train CE: 2.98667 train ACC: 0.99880 test CE: 2.98671 test ACC: 0.99876
2017-09-08 04:34:11,018 INFO: Step: 3930 train CE: 2.98667 train ACC: 0.99880 test CE: 2.98670 test ACC: 0.99876
2017-09-08 04:34:55,741 INFO: Step: 3940 train CE: 2.98666 train ACC: 0.99880 test CE: 2.98670 test ACC: 0.99876
2017-09-08 04:35:40,785 INFO: Step: 3950 train CE: 2.98665 train ACC: 0.99879 test CE: 2.98669 test ACC: 0.99876
2017-09-08 04:36:24,752 INFO: Step: 3960 train CE: 2.98665 train ACC: 0.99880 test CE: 2.98668 test ACC: 0.99875
2017-09-08 04:37:09,776 INFO: Step: 3970 train CE: 2.98664 train ACC: 0.99880 test CE: 2.98668 test ACC: 0.99876
2017-09-08 04:37:54,141 INFO: Step: 3980 train CE: 2.98663 train ACC: 0.99880 test CE: 2.98667 test ACC: 0.99876
2017-09-08 04:38:38,369 INFO: Step: 3990 train CE: 2.98662 train ACC: 0.99880 test CE: 2.98667 test ACC: 0.99876
2017-09-08 04:39:23,384 INFO: Step: 4000 train CE: 2.98662 train ACC: 0.99880 test CE: 2.98666 test ACC: 0.99876
2017-09-08 04:39:23,384 INFO: Saving model at step 4000 .......
2017-09-08 04:39:24,670 INFO: ok
2017-09-08 04:40:08,908 INFO: Step: 4010 train CE: 2.98661 train ACC: 0.99880 test CE: 2.98665 test ACC: 0.99876
2017-09-08 04:40:53,854 INFO: Step: 4020 train CE: 2.98660 train ACC: 0.99880 test CE: 2.98665 test ACC: 0.99876
2017-09-08 04:41:38,559 INFO: Step: 4030 train CE: 2.98660 train ACC: 0.99880 test CE: 2.98664 test ACC: 0.99877
2017-09-08 04:42:22,608 INFO: Step: 4040 train CE: 2.98659 train ACC: 0.99880 test CE: 2.98664 test ACC: 0.99876
2017-09-08 04:43:07,810 INFO: Step: 4050 train CE: 2.98658 train ACC: 0.99880 test CE: 2.98663 test ACC: 0.99876
2017-09-08 04:43:52,040 INFO: Step: 4060 train CE: 2.98658 train ACC: 0.99880 test CE: 2.98662 test ACC: 0.99877
2017-09-08 04:44:36,569 INFO: Step: 4070 train CE: 2.98657 train ACC: 0.99880 test CE: 2.98662 test ACC: 0.99877
2017-09-08 04:45:21,237 INFO: Step: 4080 train CE: 2.98656 train ACC: 0.99880 test CE: 2.98661 test ACC: 0.99877
2017-09-08 04:46:05,380 INFO: Step: 4090 train CE: 2.98655 train ACC: 0.99880 test CE: 2.98661 test ACC: 0.99877
2017-09-08 04:46:50,170 INFO: Step: 4100 train CE: 2.98655 train ACC: 0.99881 test CE: 2.98660 test ACC: 0.99877
2017-09-08 04:46:50,170 INFO: Saving model at step 4100 .......
2017-09-08 04:46:51,400 INFO: ok
2017-09-08 04:47:35,880 INFO: Step: 4110 train CE: 2.98654 train ACC: 0.99881 test CE: 2.98659 test ACC: 0.99877
2017-09-08 04:48:20,198 INFO: Step: 4120 train CE: 2.98653 train ACC: 0.99881 test CE: 2.98659 test ACC: 0.99877
2017-09-08 04:49:05,448 INFO: Step: 4130 train CE: 2.98653 train ACC: 0.99881 test CE: 2.98658 test ACC: 0.99877
2017-09-08 04:49:49,601 INFO: Step: 4140 train CE: 2.98652 train ACC: 0.99881 test CE: 2.98658 test ACC: 0.99877
2017-09-08 04:50:34,187 INFO: Step: 4150 train CE: 2.98651 train ACC: 0.99881 test CE: 2.98657 test ACC: 0.99877
2017-09-08 04:51:18,766 INFO: Step: 4160 train CE: 2.98651 train ACC: 0.99881 test CE: 2.98656 test ACC: 0.99877
2017-09-08 04:52:02,734 INFO: Step: 4170 train CE: 2.98650 train ACC: 0.99881 test CE: 2.98656 test ACC: 0.99877
2017-09-08 04:52:47,745 INFO: Step: 4180 train CE: 2.98649 train ACC: 0.99881 test CE: 2.98655 test ACC: 0.99877
2017-09-08 04:53:32,032 INFO: Step: 4190 train CE: 2.98649 train ACC: 0.99880 test CE: 2.98655 test ACC: 0.99877
2017-09-08 04:54:16,598 INFO: Step: 4200 train CE: 2.98648 train ACC: 0.99881 test CE: 2.98654 test ACC: 0.99877
2017-09-08 04:54:16,598 INFO: Saving model at step 4200 .......
2017-09-08 04:54:18,140 INFO: ok
2017-09-08 04:55:02,837 INFO: Step: 4210 train CE: 2.98647 train ACC: 0.99881 test CE: 2.98654 test ACC: 0.99877
2017-09-08 04:55:46,991 INFO: Step: 4220 train CE: 2.98647 train ACC: 0.99881 test CE: 2.98653 test ACC: 0.99877
2017-09-08 04:56:31,846 INFO: Step: 4230 train CE: 2.98646 train ACC: 0.99881 test CE: 2.98652 test ACC: 0.99878
2017-09-08 04:57:16,312 INFO: Step: 4240 train CE: 2.98645 train ACC: 0.99881 test CE: 2.98652 test ACC: 0.99877
2017-09-08 04:58:00,648 INFO: Step: 4250 train CE: 2.98645 train ACC: 0.99881 test CE: 2.98651 test ACC: 0.99878
2017-09-08 04:58:45,571 INFO: Step: 4260 train CE: 2.98644 train ACC: 0.99881 test CE: 2.98651 test ACC: 0.99878
2017-09-08 04:59:29,641 INFO: Step: 4270 train CE: 2.98643 train ACC: 0.99881 test CE: 2.98650 test ACC: 0.99878
2017-09-08 05:00:14,171 INFO: Step: 4280 train CE: 2.98643 train ACC: 0.99882 test CE: 2.98650 test ACC: 0.99878
2017-09-08 05:00:58,712 INFO: Step: 4290 train CE: 2.98642 train ACC: 0.99882 test CE: 2.98649 test ACC: 0.99878
2017-09-08 05:01:42,697 INFO: Step: 4300 train CE: 2.98641 train ACC: 0.99882 test CE: 2.98648 test ACC: 0.99878
2017-09-08 05:01:42,697 INFO: Saving model at step 4300 .......
2017-09-08 05:01:43,974 INFO: ok
2017-09-08 05:02:29,192 INFO: Step: 4310 train CE: 2.98641 train ACC: 0.99882 test CE: 2.98648 test ACC: 0.99878
2017-09-08 05:03:13,618 INFO: Step: 4320 train CE: 2.98640 train ACC: 0.99882 test CE: 2.98647 test ACC: 0.99878
2017-09-08 05:03:58,462 INFO: Step: 4330 train CE: 2.98639 train ACC: 0.99882 test CE: 2.98647 test ACC: 0.99878
2017-09-08 05:04:43,441 INFO: Step: 4340 train CE: 2.98639 train ACC: 0.99882 test CE: 2.98646 test ACC: 0.99878
2017-09-08 05:05:27,650 INFO: Step: 4350 train CE: 2.98638 train ACC: 0.99882 test CE: 2.98646 test ACC: 0.99878
2017-09-08 05:06:12,157 INFO: Step: 4360 train CE: 2.98637 train ACC: 0.99882 test CE: 2.98645 test ACC: 0.99878
2017-09-08 05:06:56,491 INFO: Step: 4370 train CE: 2.98637 train ACC: 0.99882 test CE: 2.98645 test ACC: 0.99878
2017-09-08 05:07:40,806 INFO: Step: 4380 train CE: 2.98636 train ACC: 0.99882 test CE: 2.98644 test ACC: 0.99879
2017-09-08 05:08:25,507 INFO: Step: 4390 train CE: 2.98636 train ACC: 0.99882 test CE: 2.98643 test ACC: 0.99878
2017-09-08 05:09:09,667 INFO: Step: 4400 train CE: 2.98635 train ACC: 0.99882 test CE: 2.98643 test ACC: 0.99879
2017-09-08 05:09:09,667 INFO: Saving model at step 4400 .......
2017-09-08 05:09:10,952 INFO: ok
2017-09-08 05:09:55,893 INFO: Step: 4410 train CE: 2.98634 train ACC: 0.99883 test CE: 2.98642 test ACC: 0.99879
2017-09-08 05:10:40,736 INFO: Step: 4420 train CE: 2.98634 train ACC: 0.99882 test CE: 2.98642 test ACC: 0.99879
2017-09-08 05:11:24,985 INFO: Step: 4430 train CE: 2.98633 train ACC: 0.99882 test CE: 2.98641 test ACC: 0.99879
2017-09-08 05:12:09,795 INFO: Step: 4440 train CE: 2.98632 train ACC: 0.99883 test CE: 2.98641 test ACC: 0.99879
2017-09-08 05:12:54,239 INFO: Step: 4450 train CE: 2.98632 train ACC: 0.99883 test CE: 2.98640 test ACC: 0.99879
2017-09-08 05:13:38,673 INFO: Step: 4460 train CE: 2.98631 train ACC: 0.99882 test CE: 2.98640 test ACC: 0.99879
2017-09-08 05:14:23,531 INFO: Step: 4470 train CE: 2.98631 train ACC: 0.99883 test CE: 2.98639 test ACC: 0.99879
2017-09-08 05:15:07,756 INFO: Step: 4480 train CE: 2.98630 train ACC: 0.99883 test CE: 2.98639 test ACC: 0.99879
2017-09-08 05:15:52,603 INFO: Step: 4490 train CE: 2.98629 train ACC: 0.99883 test CE: 2.98638 test ACC: 0.99879
2017-09-08 05:16:36,954 INFO: Step: 4500 train CE: 2.98629 train ACC: 0.99883 test CE: 2.98637 test ACC: 0.99879
2017-09-08 05:16:36,955 INFO: Saving model at step 4500 .......
2017-09-08 05:16:38,153 INFO: ok
2017-09-08 05:17:22,970 INFO: Step: 4510 train CE: 2.98628 train ACC: 0.99883 test CE: 2.98637 test ACC: 0.99879
2017-09-08 05:18:08,266 INFO: Step: 4520 train CE: 2.98627 train ACC: 0.99883 test CE: 2.98636 test ACC: 0.99879
2017-09-08 05:18:52,354 INFO: Step: 4530 train CE: 2.98627 train ACC: 0.99883 test CE: 2.98636 test ACC: 0.99879
2017-09-08 05:19:37,360 INFO: Step: 4540 train CE: 2.98626 train ACC: 0.99883 test CE: 2.98635 test ACC: 0.99879
2017-09-08 05:20:22,131 INFO: Step: 4550 train CE: 2.98626 train ACC: 0.99884 test CE: 2.98635 test ACC: 0.99879
2017-09-08 05:21:06,296 INFO: Step: 4560 train CE: 2.98625 train ACC: 0.99884 test CE: 2.98634 test ACC: 0.99879
2017-09-08 05:21:52,717 INFO: Step: 4570 train CE: 2.98624 train ACC: 0.99884 test CE: 2.98634 test ACC: 0.99879
2017-09-08 05:22:36,997 INFO: Step: 4580 train CE: 2.98624 train ACC: 0.99884 test CE: 2.98633 test ACC: 0.99880
2017-09-08 05:23:22,096 INFO: Step: 4590 train CE: 2.98623 train ACC: 0.99884 test CE: 2.98633 test ACC: 0.99880
2017-09-08 05:24:07,006 INFO: Step: 4600 train CE: 2.98623 train ACC: 0.99884 test CE: 2.98632 test ACC: 0.99879
2017-09-08 05:24:07,006 INFO: Saving model at step 4600 .......
2017-09-08 05:24:08,218 INFO: ok
2017-09-08 05:24:52,199 INFO: Step: 4610 train CE: 2.98622 train ACC: 0.99884 test CE: 2.98632 test ACC: 0.99879
2017-09-08 05:25:37,172 INFO: Step: 4620 train CE: 2.98621 train ACC: 0.99884 test CE: 2.98631 test ACC: 0.99879
2017-09-08 05:26:21,751 INFO: Step: 4630 train CE: 2.98621 train ACC: 0.99884 test CE: 2.98630 test ACC: 0.99880
2017-09-08 05:27:06,188 INFO: Step: 4640 train CE: 2.98620 train ACC: 0.99884 test CE: 2.98630 test ACC: 0.99880
2017-09-08 05:27:50,993 INFO: Step: 4650 train CE: 2.98620 train ACC: 0.99884 test CE: 2.98629 test ACC: 0.99880
2017-09-08 05:28:35,281 INFO: Step: 4660 train CE: 2.98619 train ACC: 0.99884 test CE: 2.98629 test ACC: 0.99880
2017-09-08 05:29:20,141 INFO: Step: 4670 train CE: 2.98618 train ACC: 0.99884 test CE: 2.98628 test ACC: 0.99880
2017-09-08 05:30:04,508 INFO: Step: 4680 train CE: 2.98618 train ACC: 0.99884 test CE: 2.98628 test ACC: 0.99880
2017-09-08 05:30:48,830 INFO: Step: 4690 train CE: 2.98617 train ACC: 0.99884 test CE: 2.98627 test ACC: 0.99880
2017-09-08 05:31:33,771 INFO: Step: 4700 train CE: 2.98617 train ACC: 0.99884 test CE: 2.98627 test ACC: 0.99880
2017-09-08 05:31:33,771 INFO: Saving model at step 4700 .......
2017-09-08 05:31:35,062 INFO: ok
2017-09-08 05:32:19,428 INFO: Step: 4710 train CE: 2.98616 train ACC: 0.99884 test CE: 2.98626 test ACC: 0.99880
2017-09-08 05:33:04,409 INFO: Step: 4720 train CE: 2.98615 train ACC: 0.99884 test CE: 2.98626 test ACC: 0.99880
2017-09-08 05:33:49,475 INFO: Step: 4730 train CE: 2.98615 train ACC: 0.99884 test CE: 2.98625 test ACC: 0.99880
2017-09-08 05:34:33,580 INFO: Step: 4740 train CE: 2.98614 train ACC: 0.99884 test CE: 2.98625 test ACC: 0.99881
2017-09-08 05:35:18,688 INFO: Step: 4750 train CE: 2.98614 train ACC: 0.99884 test CE: 2.98624 test ACC: 0.99880
2017-09-08 05:36:03,519 INFO: Step: 4760 train CE: 2.98613 train ACC: 0.99884 test CE: 2.98624 test ACC: 0.99881
2017-09-08 05:36:47,755 INFO: Step: 4770 train CE: 2.98613 train ACC: 0.99884 test CE: 2.98623 test ACC: 0.99881
2017-09-08 05:37:33,144 INFO: Step: 4780 train CE: 2.98612 train ACC: 0.99884 test CE: 2.98622 test ACC: 0.99881
2017-09-08 05:38:17,454 INFO: Step: 4790 train CE: 2.98611 train ACC: 0.99884 test CE: 2.98622 test ACC: 0.99881
2017-09-08 05:39:02,489 INFO: Step: 4800 train CE: 2.98611 train ACC: 0.99884 test CE: 2.98621 test ACC: 0.99880
2017-09-08 05:39:02,489 INFO: Saving model at step 4800 .......
2017-09-08 05:39:03,715 INFO: ok
2017-09-08 05:39:48,162 INFO: Step: 4810 train CE: 2.98610 train ACC: 0.99884 test CE: 2.98621 test ACC: 0.99881
2017-09-08 05:40:32,374 INFO: Step: 4820 train CE: 2.98610 train ACC: 0.99884 test CE: 2.98620 test ACC: 0.99881
2017-09-08 05:41:18,256 INFO: Step: 4830 train CE: 2.98609 train ACC: 0.99884 test CE: 2.98620 test ACC: 0.99881
2017-09-08 05:42:02,773 INFO: Step: 4840 train CE: 2.98609 train ACC: 0.99884 test CE: 2.98619 test ACC: 0.99881
2017-09-08 05:42:47,989 INFO: Step: 4850 train CE: 2.98608 train ACC: 0.99885 test CE: 2.98619 test ACC: 0.99881
2017-09-08 05:43:32,772 INFO: Step: 4860 train CE: 2.98607 train ACC: 0.99885 test CE: 2.98618 test ACC: 0.99881
2017-09-08 05:44:16,752 INFO: Step: 4870 train CE: 2.98607 train ACC: 0.99885 test CE: 2.98618 test ACC: 0.99881
2017-09-08 05:45:01,745 INFO: Step: 4880 train CE: 2.98606 train ACC: 0.99885 test CE: 2.98617 test ACC: 0.99881
2017-09-08 05:45:46,388 INFO: Step: 4890 train CE: 2.98606 train ACC: 0.99885 test CE: 2.98617 test ACC: 0.99881
2017-09-08 05:46:30,981 INFO: Step: 4900 train CE: 2.98605 train ACC: 0.99885 test CE: 2.98616 test ACC: 0.99881
2017-09-08 05:46:30,982 INFO: Saving model at step 4900 .......
2017-09-08 05:46:32,295 INFO: ok
2017-09-08 05:47:17,457 INFO: Step: 4910 train CE: 2.98605 train ACC: 0.99885 test CE: 2.98616 test ACC: 0.99881
2017-09-08 05:48:01,770 INFO: Step: 4920 train CE: 2.98604 train ACC: 0.99885 test CE: 2.98615 test ACC: 0.99881
2017-09-08 05:48:47,390 INFO: Step: 4930 train CE: 2.98604 train ACC: 0.99885 test CE: 2.98615 test ACC: 0.99881
2017-09-08 05:49:32,058 INFO: Step: 4940 train CE: 2.98603 train ACC: 0.99885 test CE: 2.98614 test ACC: 0.99881
2017-09-08 05:50:16,520 INFO: Step: 4950 train CE: 2.98602 train ACC: 0.99885 test CE: 2.98614 test ACC: 0.99881
2017-09-08 05:51:01,444 INFO: Step: 4960 train CE: 2.98602 train ACC: 0.99885 test CE: 2.98613 test ACC: 0.99881
2017-09-08 05:51:45,748 INFO: Step: 4970 train CE: 2.98601 train ACC: 0.99885 test CE: 2.98613 test ACC: 0.99881
2017-09-08 05:52:30,766 INFO: Step: 4980 train CE: 2.98601 train ACC: 0.99885 test CE: 2.98612 test ACC: 0.99881
2017-09-08 05:53:15,324 INFO: Step: 4990 train CE: 2.98600 train ACC: 0.99885 test CE: 2.98612 test ACC: 0.99882
2017-09-08 05:53:59,539 INFO: Step: 5000 train CE: 2.98600 train ACC: 0.99885 test CE: 2.98611 test ACC: 0.99881
2017-09-08 05:53:59,539 INFO: Saving model at step 5000 .......
2017-09-08 05:54:00,811 INFO: ok
2017-09-08 05:54:46,258 INFO: Step: 5010 train CE: 2.98599 train ACC: 0.99885 test CE: 2.98611 test ACC: 0.99881
2017-09-08 05:55:30,408 INFO: Step: 5020 train CE: 2.98599 train ACC: 0.99885 test CE: 2.98610 test ACC: 0.99881
2017-09-08 05:56:15,707 INFO: Step: 5030 train CE: 2.98598 train ACC: 0.99885 test CE: 2.98610 test ACC: 0.99881
2017-09-08 05:57:00,790 INFO: Step: 5040 train CE: 2.98597 train ACC: 0.99885 test CE: 2.98609 test ACC: 0.99881
2017-09-08 05:57:45,195 INFO: Step: 5050 train CE: 2.98597 train ACC: 0.99886 test CE: 2.98609 test ACC: 0.99881
2017-09-08 05:58:30,461 INFO: Step: 5060 train CE: 2.98596 train ACC: 0.99886 test CE: 2.98608 test ACC: 0.99882
2017-09-08 05:59:15,134 INFO: Step: 5070 train CE: 2.98596 train ACC: 0.99886 test CE: 2.98608 test ACC: 0.99881
2017-09-08 05:59:59,846 INFO: Step: 5080 train CE: 2.98595 train ACC: 0.99885 test CE: 2.98607 test ACC: 0.99881
2017-09-08 06:00:44,495 INFO: Step: 5090 train CE: 2.98595 train ACC: 0.99886 test CE: 2.98607 test ACC: 0.99881
2017-09-08 06:01:28,779 INFO: Step: 5100 train CE: 2.98594 train ACC: 0.99886 test CE: 2.98607 test ACC: 0.99881
2017-09-08 06:01:28,780 INFO: Saving model at step 5100 .......
2017-09-08 06:01:29,967 INFO: ok
2017-09-08 06:02:14,940 INFO: Step: 5110 train CE: 2.98594 train ACC: 0.99886 test CE: 2.98606 test ACC: 0.99881
2017-09-08 06:02:59,506 INFO: Step: 5120 train CE: 2.98593 train ACC: 0.99886 test CE: 2.98606 test ACC: 0.99881
2017-09-08 06:03:43,851 INFO: Step: 5130 train CE: 2.98593 train ACC: 0.99886 test CE: 2.98605 test ACC: 0.99881
2017-09-08 06:04:28,976 INFO: Step: 5140 train CE: 2.98592 train ACC: 0.99886 test CE: 2.98605 test ACC: 0.99881
2017-09-08 06:05:13,471 INFO: Step: 5150 train CE: 2.98591 train ACC: 0.99886 test CE: 2.98604 test ACC: 0.99881
2017-09-08 06:05:58,368 INFO: Step: 5160 train CE: 2.98591 train ACC: 0.99886 test CE: 2.98604 test ACC: 0.99881
2017-09-08 06:06:43,261 INFO: Step: 5170 train CE: 2.98590 train ACC: 0.99886 test CE: 2.98603 test ACC: 0.99881
2017-09-08 06:07:27,338 INFO: Step: 5180 train CE: 2.98590 train ACC: 0.99886 test CE: 2.98603 test ACC: 0.99882
2017-09-08 06:08:12,672 INFO: Step: 5190 train CE: 2.98589 train ACC: 0.99886 test CE: 2.98602 test ACC: 0.99881
2017-09-08 06:08:57,076 INFO: Step: 5200 train CE: 2.98589 train ACC: 0.99886 test CE: 2.98602 test ACC: 0.99881
2017-09-08 06:08:57,076 INFO: Saving model at step 5200 .......
2017-09-08 06:08:58,339 INFO: ok
2017-09-08 06:09:43,207 INFO: Step: 5210 train CE: 2.98588 train ACC: 0.99886 test CE: 2.98601 test ACC: 0.99882
2017-09-08 06:10:28,373 INFO: Step: 5220 train CE: 2.98588 train ACC: 0.99886 test CE: 2.98601 test ACC: 0.99882
2017-09-08 06:11:12,519 INFO: Step: 5230 train CE: 2.98587 train ACC: 0.99886 test CE: 2.98600 test ACC: 0.99882
2017-09-08 06:11:57,768 INFO: Step: 5240 train CE: 2.98587 train ACC: 0.99886 test CE: 2.98600 test ACC: 0.99882
2017-09-08 06:12:42,254 INFO: Step: 5250 train CE: 2.98586 train ACC: 0.99886 test CE: 2.98599 test ACC: 0.99882
2017-09-08 06:13:26,853 INFO: Step: 5260 train CE: 2.98586 train ACC: 0.99886 test CE: 2.98599 test ACC: 0.99882
2017-09-08 06:14:12,343 INFO: Step: 5270 train CE: 2.98585 train ACC: 0.99886 test CE: 2.98598 test ACC: 0.99882
2017-09-08 06:14:56,652 INFO: Step: 5280 train CE: 2.98585 train ACC: 0.99886 test CE: 2.98598 test ACC: 0.99882
2017-09-08 06:15:41,552 INFO: Step: 5290 train CE: 2.98584 train ACC: 0.99886 test CE: 2.98597 test ACC: 0.99882
2017-09-08 06:16:26,355 INFO: Step: 5300 train CE: 2.98583 train ACC: 0.99886 test CE: 2.98597 test ACC: 0.99882
2017-09-08 06:16:26,355 INFO: Saving model at step 5300 .......
2017-09-08 06:16:27,757 INFO: ok
2017-09-08 06:17:12,130 INFO: Step: 5310 train CE: 2.98583 train ACC: 0.99887 test CE: 2.98596 test ACC: 0.99882
2017-09-08 06:17:57,219 INFO: Step: 5320 train CE: 2.98582 train ACC: 0.99886 test CE: 2.98596 test ACC: 0.99882
2017-09-08 06:18:41,782 INFO: Step: 5330 train CE: 2.98582 train ACC: 0.99887 test CE: 2.98595 test ACC: 0.99882
2017-09-08 06:19:26,761 INFO: Step: 5340 train CE: 2.98581 train ACC: 0.99886 test CE: 2.98595 test ACC: 0.99882
2017-09-08 06:20:11,517 INFO: Step: 5350 train CE: 2.98581 train ACC: 0.99887 test CE: 2.98594 test ACC: 0.99882
2017-09-08 06:20:55,453 INFO: Step: 5360 train CE: 2.98580 train ACC: 0.99887 test CE: 2.98594 test ACC: 0.99882
2017-09-08 06:21:42,462 INFO: Step: 5370 train CE: 2.98580 train ACC: 0.99887 test CE: 2.98594 test ACC: 0.99882
2017-09-08 06:22:27,185 INFO: Step: 5380 train CE: 2.98579 train ACC: 0.99887 test CE: 2.98593 test ACC: 0.99882
2017-09-08 06:23:11,772 INFO: Step: 5390 train CE: 2.98579 train ACC: 0.99887 test CE: 2.98593 test ACC: 0.99882
2017-09-08 06:23:56,918 INFO: Step: 5400 train CE: 2.98578 train ACC: 0.99887 test CE: 2.98592 test ACC: 0.99882
2017-09-08 06:23:56,919 INFO: Saving model at step 5400 .......
2017-09-08 06:23:58,171 INFO: ok
2017-09-08 06:24:42,536 INFO: Step: 5410 train CE: 2.98578 train ACC: 0.99887 test CE: 2.98592 test ACC: 0.99882
2017-09-08 06:25:27,446 INFO: Step: 5420 train CE: 2.98577 train ACC: 0.99887 test CE: 2.98591 test ACC: 0.99882
2017-09-08 06:26:12,113 INFO: Step: 5430 train CE: 2.98577 train ACC: 0.99887 test CE: 2.98591 test ACC: 0.99882
2017-09-08 06:26:56,221 INFO: Step: 5440 train CE: 2.98576 train ACC: 0.99887 test CE: 2.98590 test ACC: 0.99882
2017-09-08 06:27:41,351 INFO: Step: 5450 train CE: 2.98575 train ACC: 0.99887 test CE: 2.98590 test ACC: 0.99882
2017-09-08 06:28:25,549 INFO: Step: 5460 train CE: 2.98575 train ACC: 0.99887 test CE: 2.98589 test ACC: 0.99882
2017-09-08 06:29:10,274 INFO: Step: 5470 train CE: 2.98574 train ACC: 0.99887 test CE: 2.98589 test ACC: 0.99882
2017-09-08 06:29:54,604 INFO: Step: 5480 train CE: 2.98574 train ACC: 0.99887 test CE: 2.98588 test ACC: 0.99882
2017-09-08 06:30:38,628 INFO: Step: 5490 train CE: 2.98573 train ACC: 0.99887 test CE: 2.98588 test ACC: 0.99882
2017-09-08 06:31:23,513 INFO: Step: 5500 train CE: 2.98573 train ACC: 0.99887 test CE: 2.98587 test ACC: 0.99882
2017-09-08 06:31:23,513 INFO: Saving model at step 5500 .......
2017-09-08 06:31:24,842 INFO: ok
2017-09-08 06:32:09,557 INFO: Step: 5510 train CE: 2.98572 train ACC: 0.99887 test CE: 2.98587 test ACC: 0.99882
2017-09-08 06:32:54,002 INFO: Step: 5520 train CE: 2.98572 train ACC: 0.99887 test CE: 2.98587 test ACC: 0.99882
2017-09-08 06:33:39,333 INFO: Step: 5530 train CE: 2.98571 train ACC: 0.99887 test CE: 2.98586 test ACC: 0.99882
2017-09-08 06:34:23,383 INFO: Step: 5540 train CE: 2.98571 train ACC: 0.99887 test CE: 2.98585 test ACC: 0.99882
2017-09-08 06:35:08,360 INFO: Step: 5550 train CE: 2.98570 train ACC: 0.99888 test CE: 2.98585 test ACC: 0.99882
2017-09-08 06:35:52,950 INFO: Step: 5560 train CE: 2.98570 train ACC: 0.99887 test CE: 2.98585 test ACC: 0.99883
2017-09-08 06:36:37,790 INFO: Step: 5570 train CE: 2.98569 train ACC: 0.99888 test CE: 2.98584 test ACC: 0.99883
2017-09-08 06:37:22,857 INFO: Step: 5580 train CE: 2.98569 train ACC: 0.99888 test CE: 2.98584 test ACC: 0.99882
2017-09-08 06:38:07,040 INFO: Step: 5590 train CE: 2.98568 train ACC: 0.99888 test CE: 2.98583 test ACC: 0.99883
2017-09-08 06:38:51,799 INFO: Step: 5600 train CE: 2.98568 train ACC: 0.99888 test CE: 2.98583 test ACC: 0.99883
2017-09-08 06:38:51,799 INFO: Saving model at step 5600 .......
2017-09-08 06:38:53,026 INFO: ok
2017-09-08 06:39:37,703 INFO: Step: 5610 train CE: 2.98567 train ACC: 0.99888 test CE: 2.98582 test ACC: 0.99883
2017-09-08 06:40:21,805 INFO: Step: 5620 train CE: 2.98567 train ACC: 0.99888 test CE: 2.98582 test ACC: 0.99883
2017-09-08 06:41:07,035 INFO: Step: 5630 train CE: 2.98566 train ACC: 0.99888 test CE: 2.98581 test ACC: 0.99883
2017-09-08 06:41:51,748 INFO: Step: 5640 train CE: 2.98566 train ACC: 0.99888 test CE: 2.98581 test ACC: 0.99882
2017-09-08 06:42:36,277 INFO: Step: 5650 train CE: 2.98565 train ACC: 0.99888 test CE: 2.98580 test ACC: 0.99883
2017-09-08 06:43:21,327 INFO: Step: 5660 train CE: 2.98564 train ACC: 0.99888 test CE: 2.98580 test ACC: 0.99883
2017-09-08 06:44:05,312 INFO: Step: 5670 train CE: 2.98564 train ACC: 0.99888 test CE: 2.98579 test ACC: 0.99883
2017-09-08 06:44:50,632 INFO: Step: 5680 train CE: 2.98563 train ACC: 0.99888 test CE: 2.98579 test ACC: 0.99883
2017-09-08 06:45:35,202 INFO: Step: 5690 train CE: 2.98563 train ACC: 0.99888 test CE: 2.98578 test ACC: 0.99883
2017-09-08 06:46:19,493 INFO: Step: 5700 train CE: 2.98562 train ACC: 0.99889 test CE: 2.98578 test ACC: 0.99883
2017-09-08 06:46:19,493 INFO: Saving model at step 5700 .......
2017-09-08 06:46:20,716 INFO: ok
2017-09-08 06:47:05,562 INFO: Step: 5710 train CE: 2.98562 train ACC: 0.99888 test CE: 2.98577 test ACC: 0.99884
2017-09-08 06:47:49,842 INFO: Step: 5720 train CE: 2.98561 train ACC: 0.99888 test CE: 2.98577 test ACC: 0.99883
2017-09-08 06:48:34,812 INFO: Step: 5730 train CE: 2.98561 train ACC: 0.99888 test CE: 2.98576 test ACC: 0.99883
2017-09-08 06:49:19,555 INFO: Step: 5740 train CE: 2.98560 train ACC: 0.99888 test CE: 2.98576 test ACC: 0.99883
2017-09-08 06:50:03,748 INFO: Step: 5750 train CE: 2.98560 train ACC: 0.99888 test CE: 2.98576 test ACC: 0.99884
2017-09-08 06:50:48,831 INFO: Step: 5760 train CE: 2.98559 train ACC: 0.99888 test CE: 2.98575 test ACC: 0.99884
2017-09-08 06:51:33,105 INFO: Step: 5770 train CE: 2.98559 train ACC: 0.99888 test CE: 2.98575 test ACC: 0.99884
2017-09-08 06:52:17,762 INFO: Step: 5780 train CE: 2.98558 train ACC: 0.99889 test CE: 2.98574 test ACC: 0.99884
2017-09-08 06:53:02,707 INFO: Step: 5790 train CE: 2.98558 train ACC: 0.99889 test CE: 2.98574 test ACC: 0.99884
2017-09-08 06:53:46,849 INFO: Step: 5800 train CE: 2.98557 train ACC: 0.99889 test CE: 2.98573 test ACC: 0.99884
2017-09-08 06:53:46,849 INFO: Saving model at step 5800 .......
2017-09-08 06:53:47,795 INFO: ok
2017-09-08 06:54:32,458 INFO: Step: 5810 train CE: 2.98557 train ACC: 0.99889 test CE: 2.98573 test ACC: 0.99884
2017-09-08 06:55:17,058 INFO: Step: 5820 train CE: 2.98556 train ACC: 0.99889 test CE: 2.98572 test ACC: 0.99884
2017-09-08 06:56:01,489 INFO: Step: 5830 train CE: 2.98556 train ACC: 0.99889 test CE: 2.98572 test ACC: 0.99884
2017-09-08 06:56:46,286 INFO: Step: 5840 train CE: 2.98555 train ACC: 0.99889 test CE: 2.98572 test ACC: 0.99884
2017-09-08 06:57:30,589 INFO: Step: 5850 train CE: 2.98555 train ACC: 0.99889 test CE: 2.98571 test ACC: 0.99884
2017-09-08 06:58:15,517 INFO: Step: 5860 train CE: 2.98554 train ACC: 0.99889 test CE: 2.98571 test ACC: 0.99884
2017-09-08 06:58:59,976 INFO: Step: 5870 train CE: 2.98553 train ACC: 0.99889 test CE: 2.98570 test ACC: 0.99884
2017-09-08 06:59:44,186 INFO: Step: 5880 train CE: 2.98553 train ACC: 0.99889 test CE: 2.98570 test ACC: 0.99884
2017-09-08 07:00:29,120 INFO: Step: 5890 train CE: 2.98552 train ACC: 0.99889 test CE: 2.98569 test ACC: 0.99884
2017-09-08 07:01:13,430 INFO: Step: 5900 train CE: 2.98552 train ACC: 0.99889 test CE: 2.98569 test ACC: 0.99884
2017-09-08 07:01:13,430 INFO: Saving model at step 5900 .......
2017-09-08 07:01:14,643 INFO: ok
2017-09-08 07:01:59,597 INFO: Step: 5910 train CE: 2.98551 train ACC: 0.99889 test CE: 2.98568 test ACC: 0.99884
2017-09-08 07:02:44,741 INFO: Step: 5920 train CE: 2.98551 train ACC: 0.99889 test CE: 2.98568 test ACC: 0.99884
2017-09-08 07:03:28,774 INFO: Step: 5930 train CE: 2.98550 train ACC: 0.99890 test CE: 2.98567 test ACC: 0.99884
2017-09-08 07:04:13,980 INFO: Step: 5940 train CE: 2.98550 train ACC: 0.99890 test CE: 2.98567 test ACC: 0.99884
2017-09-08 07:04:58,405 INFO: Step: 5950 train CE: 2.98549 train ACC: 0.99890 test CE: 2.98566 test ACC: 0.99884
2017-09-08 07:05:42,883 INFO: Step: 5960 train CE: 2.98549 train ACC: 0.99890 test CE: 2.98566 test ACC: 0.99884
2017-09-08 07:06:27,953 INFO: Step: 5970 train CE: 2.98548 train ACC: 0.99890 test CE: 2.98566 test ACC: 0.99884
2017-09-08 07:07:12,253 INFO: Step: 5980 train CE: 2.98548 train ACC: 0.99891 test CE: 2.98565 test ACC: 0.99884
2017-09-08 07:07:57,426 INFO: Step: 5990 train CE: 2.98547 train ACC: 0.99890 test CE: 2.98564 test ACC: 0.99884
2017-09-08 07:08:42,115 INFO: Step: 6000 train CE: 2.98547 train ACC: 0.99891 test CE: 2.98564 test ACC: 0.99884
2017-09-08 07:08:42,115 INFO: Saving model at step 6000 .......
2017-09-08 07:08:43,675 INFO: ok
2017-09-08 07:09:28,005 INFO: Step: 6010 train CE: 2.98546 train ACC: 0.99891 test CE: 2.98564 test ACC: 0.99884
2017-09-08 07:10:13,270 INFO: Step: 6020 train CE: 2.98546 train ACC: 0.99891 test CE: 2.98563 test ACC: 0.99885
2017-09-08 07:10:57,575 INFO: Step: 6030 train CE: 2.98545 train ACC: 0.99891 test CE: 2.98563 test ACC: 0.99884
2017-09-08 07:11:42,999 INFO: Step: 6040 train CE: 2.98545 train ACC: 0.99891 test CE: 2.98562 test ACC: 0.99884
2017-09-08 07:12:27,779 INFO: Step: 6050 train CE: 2.98544 train ACC: 0.99891 test CE: 2.98562 test ACC: 0.99884
2017-09-08 07:13:11,988 INFO: Step: 6060 train CE: 2.98544 train ACC: 0.99891 test CE: 2.98561 test ACC: 0.99884
2017-09-08 07:13:57,067 INFO: Step: 6070 train CE: 2.98543 train ACC: 0.99891 test CE: 2.98561 test ACC: 0.99885
2017-09-08 07:14:41,412 INFO: Step: 6080 train CE: 2.98543 train ACC: 0.99891 test CE: 2.98561 test ACC: 0.99885
2017-09-08 07:15:25,643 INFO: Step: 6090 train CE: 2.98542 train ACC: 0.99891 test CE: 2.98560 test ACC: 0.99885
2017-09-08 07:16:10,860 INFO: Step: 6100 train CE: 2.98542 train ACC: 0.99891 test CE: 2.98560 test ACC: 0.99885
2017-09-08 07:16:10,860 INFO: Saving model at step 6100 .......
2017-09-08 07:16:12,096 INFO: ok
2017-09-08 07:16:56,175 INFO: Step: 6110 train CE: 2.98541 train ACC: 0.99891 test CE: 2.98559 test ACC: 0.99885
2017-09-08 07:17:41,374 INFO: Step: 6120 train CE: 2.98541 train ACC: 0.99891 test CE: 2.98559 test ACC: 0.99885
2017-09-08 07:18:26,023 INFO: Step: 6130 train CE: 2.98540 train ACC: 0.99891 test CE: 2.98558 test ACC: 0.99885
2017-09-08 07:19:10,206 INFO: Step: 6140 train CE: 2.98540 train ACC: 0.99891 test CE: 2.98558 test ACC: 0.99885
2017-09-08 07:19:55,283 INFO: Step: 6150 train CE: 2.98539 train ACC: 0.99891 test CE: 2.98557 test ACC: 0.99885
2017-09-08 07:20:39,402 INFO: Step: 6160 train CE: 2.98539 train ACC: 0.99891 test CE: 2.98557 test ACC: 0.99885
2017-09-08 07:21:24,204 INFO: Step: 6170 train CE: 2.98538 train ACC: 0.99891 test CE: 2.98556 test ACC: 0.99885
2017-09-08 07:22:10,303 INFO: Step: 6180 train CE: 2.98538 train ACC: 0.99891 test CE: 2.98556 test ACC: 0.99885
2017-09-08 07:22:54,415 INFO: Step: 6190 train CE: 2.98537 train ACC: 0.99891 test CE: 2.98556 test ACC: 0.99885
2017-09-08 07:23:40,077 INFO: Step: 6200 train CE: 2.98537 train ACC: 0.99892 test CE: 2.98555 test ACC: 0.99885
2017-09-08 07:23:40,077 INFO: Saving model at step 6200 .......
2017-09-08 07:23:41,433 INFO: ok
2017-09-08 07:24:26,162 INFO: Step: 6210 train CE: 2.98536 train ACC: 0.99892 test CE: 2.98555 test ACC: 0.99885
2017-09-08 07:25:10,919 INFO: Step: 6220 train CE: 2.98536 train ACC: 0.99892 test CE: 2.98554 test ACC: 0.99885
2017-09-08 07:25:55,702 INFO: Step: 6230 train CE: 2.98535 train ACC: 0.99892 test CE: 2.98554 test ACC: 0.99886
2017-09-08 07:26:39,901 INFO: Step: 6240 train CE: 2.98535 train ACC: 0.99892 test CE: 2.98553 test ACC: 0.99886
2017-09-08 07:27:25,306 INFO: Step: 6250 train CE: 2.98534 train ACC: 0.99892 test CE: 2.98553 test ACC: 0.99885
2017-09-08 07:28:09,824 INFO: Step: 6260 train CE: 2.98534 train ACC: 0.99892 test CE: 2.98552 test ACC: 0.99886
2017-09-08 07:28:54,034 INFO: Step: 6270 train CE: 2.98533 train ACC: 0.99892 test CE: 2.98552 test ACC: 0.99885
2017-09-08 07:29:38,865 INFO: Step: 6280 train CE: 2.98533 train ACC: 0.99892 test CE: 2.98552 test ACC: 0.99886
2017-09-08 07:30:23,090 INFO: Step: 6290 train CE: 2.98532 train ACC: 0.99892 test CE: 2.98551 test ACC: 0.99886
2017-09-08 07:31:07,928 INFO: Step: 6300 train CE: 2.98532 train ACC: 0.99892 test CE: 2.98551 test ACC: 0.99886
2017-09-08 07:31:07,928 INFO: Saving model at step 6300 .......
2017-09-08 07:31:09,352 INFO: ok
2017-09-08 07:31:54,128 INFO: Step: 6310 train CE: 2.98531 train ACC: 0.99892 test CE: 2.98550 test ACC: 0.99886
2017-09-08 07:32:38,273 INFO: Step: 6320 train CE: 2.98531 train ACC: 0.99892 test CE: 2.98550 test ACC: 0.99886
2017-09-08 07:33:23,436 INFO: Step: 6330 train CE: 2.98530 train ACC: 0.99892 test CE: 2.98549 test ACC: 0.99886
2017-09-08 07:34:07,948 INFO: Step: 6340 train CE: 2.98530 train ACC: 0.99892 test CE: 2.98549 test ACC: 0.99886
2017-09-08 07:34:52,575 INFO: Step: 6350 train CE: 2.98529 train ACC: 0.99892 test CE: 2.98548 test ACC: 0.99886
2017-09-08 07:35:37,251 INFO: Step: 6360 train CE: 2.98529 train ACC: 0.99892 test CE: 2.98548 test ACC: 0.99886
2017-09-08 07:36:21,333 INFO: Step: 6370 train CE: 2.98528 train ACC: 0.99893 test CE: 2.98548 test ACC: 0.99886
2017-09-08 07:37:06,659 INFO: Step: 6380 train CE: 2.98528 train ACC: 0.99893 test CE: 2.98547 test ACC: 0.99886
2017-09-08 07:37:51,042 INFO: Step: 6390 train CE: 2.98527 train ACC: 0.99893 test CE: 2.98547 test ACC: 0.99887
2017-09-08 07:38:35,374 INFO: Step: 6400 train CE: 2.98527 train ACC: 0.99893 test CE: 2.98546 test ACC: 0.99887
2017-09-08 07:38:35,374 INFO: Saving model at step 6400 .......
2017-09-08 07:38:36,571 INFO: ok
2017-09-08 07:39:21,220 INFO: Step: 6410 train CE: 2.98526 train ACC: 0.99893 test CE: 2.98546 test ACC: 0.99887
2017-09-08 07:40:05,543 INFO: Step: 6420 train CE: 2.98526 train ACC: 0.99893 test CE: 2.98545 test ACC: 0.99886
2017-09-08 07:40:50,543 INFO: Step: 6430 train CE: 2.98525 train ACC: 0.99893 test CE: 2.98545 test ACC: 0.99887
2017-09-08 07:41:35,177 INFO: Step: 6440 train CE: 2.98525 train ACC: 0.99893 test CE: 2.98545 test ACC: 0.99887
2017-09-08 07:42:19,592 INFO: Step: 6450 train CE: 2.98524 train ACC: 0.99893 test CE: 2.98544 test ACC: 0.99887
2017-09-08 07:43:04,807 INFO: Step: 6460 train CE: 2.98524 train ACC: 0.99893 test CE: 2.98544 test ACC: 0.99887
2017-09-08 07:43:49,137 INFO: Step: 6470 train CE: 2.98523 train ACC: 0.99894 test CE: 2.98543 test ACC: 0.99887
2017-09-08 07:44:33,882 INFO: Step: 6480 train CE: 2.98523 train ACC: 0.99893 test CE: 2.98543 test ACC: 0.99887
2017-09-08 07:45:18,550 INFO: Step: 6490 train CE: 2.98522 train ACC: 0.99894 test CE: 2.98542 test ACC: 0.99887
2017-09-08 07:46:02,676 INFO: Step: 6500 train CE: 2.98522 train ACC: 0.99894 test CE: 2.98542 test ACC: 0.99887
2017-09-08 07:46:02,676 INFO: Saving model at step 6500 .......
2017-09-08 07:46:03,896 INFO: ok
2017-09-08 07:46:48,854 INFO: Step: 6510 train CE: 2.98521 train ACC: 0.99893 test CE: 2.98541 test ACC: 0.99887
2017-09-08 07:47:33,289 INFO: Step: 6520 train CE: 2.98521 train ACC: 0.99893 test CE: 2.98541 test ACC: 0.99887
2017-09-08 07:48:17,747 INFO: Step: 6530 train CE: 2.98520 train ACC: 0.99894 test CE: 2.98541 test ACC: 0.99887
2017-09-08 07:49:02,590 INFO: Step: 6540 train CE: 2.98520 train ACC: 0.99894 test CE: 2.98540 test ACC: 0.99887
2017-09-08 07:49:46,675 INFO: Step: 6550 train CE: 2.98520 train ACC: 0.99894 test CE: 2.98540 test ACC: 0.99887
2017-09-08 07:50:31,550 INFO: Step: 6560 train CE: 2.98519 train ACC: 0.99894 test CE: 2.98539 test ACC: 0.99887
2017-09-08 07:51:16,074 INFO: Step: 6570 train CE: 2.98519 train ACC: 0.99894 test CE: 2.98539 test ACC: 0.99887
2017-09-08 07:52:00,199 INFO: Step: 6580 train CE: 2.98518 train ACC: 0.99894 test CE: 2.98538 test ACC: 0.99887
2017-09-08 07:52:45,443 INFO: Step: 6590 train CE: 2.98518 train ACC: 0.99894 test CE: 2.98538 test ACC: 0.99887
2017-09-08 07:53:29,759 INFO: Step: 6600 train CE: 2.98517 train ACC: 0.99894 test CE: 2.98538 test ACC: 0.99888
2017-09-08 07:53:29,759 INFO: Saving model at step 6600 .......
2017-09-08 07:53:30,989 INFO: ok
2017-09-08 07:54:16,189 INFO: Step: 6610 train CE: 2.98517 train ACC: 0.99894 test CE: 2.98537 test ACC: 0.99887
2017-09-08 07:55:00,909 INFO: Step: 6620 train CE: 2.98516 train ACC: 0.99894 test CE: 2.98537 test ACC: 0.99887
2017-09-08 07:55:45,016 INFO: Step: 6630 train CE: 2.98516 train ACC: 0.99894 test CE: 2.98536 test ACC: 0.99888
2017-09-08 07:56:29,970 INFO: Step: 6640 train CE: 2.98515 train ACC: 0.99894 test CE: 2.98536 test ACC: 0.99888
2017-09-08 07:57:14,606 INFO: Step: 6650 train CE: 2.98515 train ACC: 0.99894 test CE: 2.98535 test ACC: 0.99888
2017-09-08 07:57:59,119 INFO: Step: 6660 train CE: 2.98514 train ACC: 0.99894 test CE: 2.98535 test ACC: 0.99888
2017-09-08 07:58:44,055 INFO: Step: 6670 train CE: 2.98514 train ACC: 0.99894 test CE: 2.98535 test ACC: 0.99888
2017-09-08 07:59:28,284 INFO: Step: 6680 train CE: 2.98513 train ACC: 0.99894 test CE: 2.98534 test ACC: 0.99888
2017-09-08 08:00:13,392 INFO: Step: 6690 train CE: 2.98513 train ACC: 0.99894 test CE: 2.98534 test ACC: 0.99888
2017-09-08 08:00:58,059 INFO: Step: 6700 train CE: 2.98512 train ACC: 0.99894 test CE: 2.98533 test ACC: 0.99888
2017-09-08 08:00:58,059 INFO: Saving model at step 6700 .......
2017-09-08 08:00:59,276 INFO: ok
2017-09-08 08:01:43,763 INFO: Step: 6710 train CE: 2.98512 train ACC: 0.99895 test CE: 2.98533 test ACC: 0.99888
2017-09-08 08:02:28,902 INFO: Step: 6720 train CE: 2.98512 train ACC: 0.99894 test CE: 2.98532 test ACC: 0.99888
2017-09-08 08:03:13,206 INFO: Step: 6730 train CE: 2.98511 train ACC: 0.99894 test CE: 2.98532 test ACC: 0.99888
2017-09-08 08:03:58,267 INFO: Step: 6740 train CE: 2.98511 train ACC: 0.99895 test CE: 2.98531 test ACC: 0.99888
2017-09-08 08:04:43,090 INFO: Step: 6750 train CE: 2.98510 train ACC: 0.99895 test CE: 2.98531 test ACC: 0.99888
2017-09-08 08:05:27,250 INFO: Step: 6760 train CE: 2.98510 train ACC: 0.99894 test CE: 2.98531 test ACC: 0.99888
2017-09-08 08:06:12,278 INFO: Step: 6770 train CE: 2.98509 train ACC: 0.99895 test CE: 2.98530 test ACC: 0.99888
2017-09-08 08:06:56,782 INFO: Step: 6780 train CE: 2.98509 train ACC: 0.99895 test CE: 2.98530 test ACC: 0.99888
2017-09-08 08:07:41,413 INFO: Step: 6790 train CE: 2.98508 train ACC: 0.99895 test CE: 2.98529 test ACC: 0.99888
2017-09-08 08:08:26,566 INFO: Step: 6800 train CE: 2.98508 train ACC: 0.99895 test CE: 2.98529 test ACC: 0.99888
2017-09-08 08:08:26,566 INFO: Saving model at step 6800 .......
2017-09-08 08:08:27,839 INFO: ok
2017-09-08 08:09:12,312 INFO: Step: 6810 train CE: 2.98507 train ACC: 0.99895 test CE: 2.98528 test ACC: 0.99888
2017-09-08 08:09:57,413 INFO: Step: 6820 train CE: 2.98507 train ACC: 0.99895 test CE: 2.98528 test ACC: 0.99888
2017-09-08 08:10:41,885 INFO: Step: 6830 train CE: 2.98506 train ACC: 0.99895 test CE: 2.98527 test ACC: 0.99888
2017-09-08 08:11:26,049 INFO: Step: 6840 train CE: 2.98506 train ACC: 0.99895 test CE: 2.98527 test ACC: 0.99889
2017-09-08 08:12:11,272 INFO: Step: 6850 train CE: 2.98505 train ACC: 0.99895 test CE: 2.98526 test ACC: 0.99889
2017-09-08 08:12:55,658 INFO: Step: 6860 train CE: 2.98505 train ACC: 0.99895 test CE: 2.98526 test ACC: 0.99889
2017-09-08 08:13:40,573 INFO: Step: 6870 train CE: 2.98505 train ACC: 0.99895 test CE: 2.98526 test ACC: 0.99888
2017-09-08 08:14:25,316 INFO: Step: 6880 train CE: 2.98504 train ACC: 0.99895 test CE: 2.98525 test ACC: 0.99889
2017-09-08 08:15:09,413 INFO: Step: 6890 train CE: 2.98504 train ACC: 0.99895 test CE: 2.98525 test ACC: 0.99889
2017-09-08 08:15:54,609 INFO: Step: 6900 train CE: 2.98503 train ACC: 0.99895 test CE: 2.98524 test ACC: 0.99889
2017-09-08 08:15:54,609 INFO: Saving model at step 6900 .......
2017-09-08 08:15:55,826 INFO: ok
2017-09-08 08:16:40,448 INFO: Step: 6910 train CE: 2.98503 train ACC: 0.99895 test CE: 2.98524 test ACC: 0.99889
2017-09-08 08:17:25,513 INFO: Step: 6920 train CE: 2.98502 train ACC: 0.99896 test CE: 2.98523 test ACC: 0.99889
2017-09-08 08:18:10,332 INFO: Step: 6930 train CE: 2.98502 train ACC: 0.99896 test CE: 2.98523 test ACC: 0.99889
2017-09-08 08:18:54,720 INFO: Step: 6940 train CE: 2.98501 train ACC: 0.99895 test CE: 2.98523 test ACC: 0.99889
2017-09-08 08:19:39,909 INFO: Step: 6950 train CE: 2.98501 train ACC: 0.99896 test CE: 2.98522 test ACC: 0.99889
2017-09-08 08:20:24,336 INFO: Step: 6960 train CE: 2.98500 train ACC: 0.99896 test CE: 2.98522 test ACC: 0.99889
2017-09-08 08:21:08,858 INFO: Step: 6970 train CE: 2.98500 train ACC: 0.99896 test CE: 2.98521 test ACC: 0.99889
2017-09-08 08:21:54,681 INFO: Step: 6980 train CE: 2.98500 train ACC: 0.99896 test CE: 2.98521 test ACC: 0.99889
2017-09-08 08:22:38,699 INFO: Step: 6990 train CE: 2.98499 train ACC: 0.99896 test CE: 2.98520 test ACC: 0.99889
2017-09-08 08:23:24,707 INFO: Step: 7000 train CE: 2.98499 train ACC: 0.99896 test CE: 2.98520 test ACC: 0.99889
2017-09-08 08:23:24,707 INFO: Saving model at step 7000 .......
2017-09-08 08:23:25,879 INFO: ok
2017-09-08 08:24:11,261 INFO: Step: 7010 train CE: 2.98498 train ACC: 0.99896 test CE: 2.98520 test ACC: 0.99889
2017-09-08 08:24:56,591 INFO: Step: 7020 train CE: 2.98498 train ACC: 0.99896 test CE: 2.98519 test ACC: 0.99889
2017-09-08 08:25:41,210 INFO: Step: 7030 train CE: 2.98497 train ACC: 0.99896 test CE: 2.98519 test ACC: 0.99889
2017-09-08 08:26:25,378 INFO: Step: 7040 train CE: 2.98497 train ACC: 0.99896 test CE: 2.98518 test ACC: 0.99889
2017-09-08 08:27:10,055 INFO: Step: 7050 train CE: 2.98496 train ACC: 0.99896 test CE: 2.98518 test ACC: 0.99889
2017-09-08 08:27:54,587 INFO: Step: 7060 train CE: 2.98496 train ACC: 0.99896 test CE: 2.98518 test ACC: 0.99889
2017-09-08 08:28:38,558 INFO: Step: 7070 train CE: 2.98495 train ACC: 0.99896 test CE: 2.98517 test ACC: 0.99889
2017-09-08 08:29:23,620 INFO: Step: 7080 train CE: 2.98495 train ACC: 0.99896 test CE: 2.98517 test ACC: 0.99889
2017-09-08 08:30:07,905 INFO: Step: 7090 train CE: 2.98495 train ACC: 0.99896 test CE: 2.98516 test ACC: 0.99890
2017-09-08 08:30:52,090 INFO: Step: 7100 train CE: 2.98494 train ACC: 0.99896 test CE: 2.98516 test ACC: 0.99889
2017-09-08 08:30:52,090 INFO: Saving model at step 7100 .......
2017-09-08 08:30:53,134 INFO: ok
2017-09-08 08:31:37,796 INFO: Step: 7110 train CE: 2.98494 train ACC: 0.99896 test CE: 2.98515 test ACC: 0.99889
2017-09-08 08:32:21,996 INFO: Step: 7120 train CE: 2.98493 train ACC: 0.99896 test CE: 2.98515 test ACC: 0.99889
2017-09-08 08:33:06,775 INFO: Step: 7130 train CE: 2.98493 train ACC: 0.99896 test CE: 2.98515 test ACC: 0.99889
2017-09-08 08:33:51,102 INFO: Step: 7140 train CE: 2.98492 train ACC: 0.99897 test CE: 2.98514 test ACC: 0.99889
2017-09-08 08:34:35,315 INFO: Step: 7150 train CE: 2.98492 train ACC: 0.99897 test CE: 2.98514 test ACC: 0.99890
2017-09-08 08:35:20,064 INFO: Step: 7160 train CE: 2.98491 train ACC: 0.99897 test CE: 2.98513 test ACC: 0.99889
2017-09-08 08:36:04,376 INFO: Step: 7170 train CE: 2.98491 train ACC: 0.99897 test CE: 2.98513 test ACC: 0.99890
2017-09-08 08:36:49,097 INFO: Step: 7180 train CE: 2.98490 train ACC: 0.99897 test CE: 2.98512 test ACC: 0.99890
2017-09-08 08:37:34,077 INFO: Step: 7190 train CE: 2.98490 train ACC: 0.99897 test CE: 2.98512 test ACC: 0.99890
2017-09-08 08:38:18,266 INFO: Step: 7200 train CE: 2.98489 train ACC: 0.99897 test CE: 2.98511 test ACC: 0.99890
2017-09-08 08:38:18,266 INFO: Saving model at step 7200 .......
2017-09-08 08:38:19,267 INFO: ok
2017-09-08 08:39:04,145 INFO: Step: 7210 train CE: 2.98489 train ACC: 0.99897 test CE: 2.98511 test ACC: 0.99891
2017-09-08 08:39:48,265 INFO: Step: 7220 train CE: 2.98489 train ACC: 0.99897 test CE: 2.98511 test ACC: 0.99890
2017-09-08 08:40:32,469 INFO: Step: 7230 train CE: 2.98488 train ACC: 0.99897 test CE: 2.98510 test ACC: 0.99890
2017-09-08 08:41:16,903 INFO: Step: 7240 train CE: 2.98488 train ACC: 0.99897 test CE: 2.98510 test ACC: 0.99890
2017-09-08 08:42:01,184 INFO: Step: 7250 train CE: 2.98487 train ACC: 0.99897 test CE: 2.98509 test ACC: 0.99890
2017-09-08 08:42:46,295 INFO: Step: 7260 train CE: 2.98487 train ACC: 0.99897 test CE: 2.98509 test ACC: 0.99890
2017-09-08 08:43:30,703 INFO: Step: 7270 train CE: 2.98486 train ACC: 0.99898 test CE: 2.98509 test ACC: 0.99891
2017-09-08 08:44:14,811 INFO: Step: 7280 train CE: 2.98486 train ACC: 0.99898 test CE: 2.98508 test ACC: 0.99891
2017-09-08 08:44:59,577 INFO: Step: 7290 train CE: 2.98485 train ACC: 0.99898 test CE: 2.98508 test ACC: 0.99891
2017-09-08 08:45:43,944 INFO: Step: 7300 train CE: 2.98485 train ACC: 0.99898 test CE: 2.98507 test ACC: 0.99890
2017-09-08 08:45:43,944 INFO: Saving model at step 7300 .......
2017-09-08 08:45:45,151 INFO: ok
2017-09-08 08:46:31,147 INFO: Step: 7310 train CE: 2.98484 train ACC: 0.99898 test CE: 2.98507 test ACC: 0.99891
2017-09-08 08:47:19,815 INFO: Step: 7320 train CE: 2.98484 train ACC: 0.99898 test CE: 2.98506 test ACC: 0.99891
2017-09-08 08:48:06,707 INFO: Step: 7330 train CE: 2.98484 train ACC: 0.99898 test CE: 2.98506 test ACC: 0.99891
2017-09-08 08:48:54,251 INFO: Step: 7340 train CE: 2.98483 train ACC: 0.99898 test CE: 2.98506 test ACC: 0.99891
2017-09-08 08:49:39,588 INFO: Step: 7350 train CE: 2.98483 train ACC: 0.99898 test CE: 2.98505 test ACC: 0.99891
2017-09-08 08:50:28,177 INFO: Step: 7360 train CE: 2.98482 train ACC: 0.99898 test CE: 2.98505 test ACC: 0.99891
2017-09-08 08:51:13,606 INFO: Step: 7370 train CE: 2.98482 train ACC: 0.99898 test CE: 2.98504 test ACC: 0.99891
2017-09-08 08:51:59,028 INFO: Step: 7380 train CE: 2.98481 train ACC: 0.99898 test CE: 2.98504 test ACC: 0.99891
2017-09-08 08:52:43,719 INFO: Step: 7390 train CE: 2.98481 train ACC: 0.99898 test CE: 2.98503 test ACC: 0.99891
2017-09-08 08:53:28,825 INFO: Step: 7400 train CE: 2.98480 train ACC: 0.99898 test CE: 2.98503 test ACC: 0.99891
2017-09-08 08:53:28,826 INFO: Saving model at step 7400 .......
2017-09-08 08:53:31,437 INFO: ok
2017-09-08 08:54:22,867 INFO: Step: 7410 train CE: 2.98480 train ACC: 0.99898 test CE: 2.98502 test ACC: 0.99891
2017-09-08 08:55:11,021 INFO: Step: 7420 train CE: 2.98479 train ACC: 0.99898 test CE: 2.98502 test ACC: 0.99891
2017-09-08 08:56:01,465 INFO: Step: 7430 train CE: 2.98479 train ACC: 0.99899 test CE: 2.98502 test ACC: 0.99891
2017-09-08 08:56:51,240 INFO: Step: 7440 train CE: 2.98479 train ACC: 0.99899 test CE: 2.98501 test ACC: 0.99891
2017-09-08 08:57:39,210 INFO: Step: 7450 train CE: 2.98478 train ACC: 0.99899 test CE: 2.98501 test ACC: 0.99891
2017-09-08 08:58:28,464 INFO: Step: 7460 train CE: 2.98478 train ACC: 0.99899 test CE: 2.98500 test ACC: 0.99891
2017-09-08 08:59:16,449 INFO: Step: 7470 train CE: 2.98477 train ACC: 0.99899 test CE: 2.98500 test ACC: 0.99891
2017-09-08 09:00:09,036 INFO: Step: 7480 train CE: 2.98477 train ACC: 0.99899 test CE: 2.98499 test ACC: 0.99891
2017-09-08 09:00:57,281 INFO: Step: 7490 train CE: 2.98476 train ACC: 0.99899 test CE: 2.98499 test ACC: 0.99891
2017-09-08 09:01:46,690 INFO: Step: 7500 train CE: 2.98476 train ACC: 0.99899 test CE: 2.98499 test ACC: 0.99891
2017-09-08 09:01:46,691 INFO: Saving model at step 7500 .......
2017-09-08 09:01:48,174 INFO: ok
2017-09-08 09:02:37,098 INFO: Step: 7510 train CE: 2.98475 train ACC: 0.99899 test CE: 2.98498 test ACC: 0.99891
2017-09-08 09:03:26,558 INFO: Step: 7520 train CE: 2.98475 train ACC: 0.99899 test CE: 2.98498 test ACC: 0.99891
2017-09-08 09:04:17,278 INFO: Step: 7530 train CE: 2.98474 train ACC: 0.99899 test CE: 2.98497 test ACC: 0.99891
2017-09-08 09:05:07,069 INFO: Step: 7540 train CE: 2.98474 train ACC: 0.99899 test CE: 2.98497 test ACC: 0.99891
2017-09-08 09:05:54,827 INFO: Step: 7550 train CE: 2.98473 train ACC: 0.99899 test CE: 2.98497 test ACC: 0.99891
2017-09-08 09:06:41,023 INFO: Step: 7560 train CE: 2.98473 train ACC: 0.99899 test CE: 2.98496 test ACC: 0.99891
2017-09-08 09:07:29,456 INFO: Step: 7570 train CE: 2.98473 train ACC: 0.99899 test CE: 2.98496 test ACC: 0.99891
2017-09-08 09:08:15,209 INFO: Step: 7580 train CE: 2.98472 train ACC: 0.99899 test CE: 2.98495 test ACC: 0.99891
2017-09-08 09:09:01,467 INFO: Step: 7590 train CE: 2.98472 train ACC: 0.99899 test CE: 2.98495 test ACC: 0.99891
2017-09-08 09:09:45,565 INFO: Step: 7600 train CE: 2.98471 train ACC: 0.99899 test CE: 2.98494 test ACC: 0.99891
2017-09-08 09:09:45,565 INFO: Saving model at step 7600 .......
2017-09-08 09:09:46,728 INFO: ok
2017-09-08 09:10:30,673 INFO: Step: 7610 train CE: 2.98471 train ACC: 0.99900 test CE: 2.98494 test ACC: 0.99891
2017-09-08 09:11:14,425 INFO: Step: 7620 train CE: 2.98470 train ACC: 0.99899 test CE: 2.98494 test ACC: 0.99891
2017-09-08 09:11:58,562 INFO: Step: 7630 train CE: 2.98470 train ACC: 0.99900 test CE: 2.98493 test ACC: 0.99891
2017-09-08 09:12:42,540 INFO: Step: 7640 train CE: 2.98469 train ACC: 0.99900 test CE: 2.98493 test ACC: 0.99891
2017-09-08 09:13:27,159 INFO: Step: 7650 train CE: 2.98469 train ACC: 0.99900 test CE: 2.98492 test ACC: 0.99891
2017-09-08 09:14:12,103 INFO: Step: 7660 train CE: 2.98468 train ACC: 0.99900 test CE: 2.98492 test ACC: 0.99891
2017-09-08 09:14:59,225 INFO: Step: 7670 train CE: 2.98468 train ACC: 0.99900 test CE: 2.98491 test ACC: 0.99891
2017-09-08 09:15:44,194 INFO: Step: 7680 train CE: 2.98467 train ACC: 0.99900 test CE: 2.98491 test ACC: 0.99891
2017-09-08 09:16:29,312 INFO: Step: 7690 train CE: 2.98467 train ACC: 0.99900 test CE: 2.98490 test ACC: 0.99891
2017-09-08 09:17:16,133 INFO: Step: 7700 train CE: 2.98466 train ACC: 0.99900 test CE: 2.98490 test ACC: 0.99891
2017-09-08 09:17:16,134 INFO: Saving model at step 7700 .......
2017-09-08 09:17:16,962 INFO: ok
2017-09-08 09:18:03,348 INFO: Step: 7710 train CE: 2.98466 train ACC: 0.99900 test CE: 2.98489 test ACC: 0.99891
2017-09-08 09:18:48,972 INFO: Step: 7720 train CE: 2.98466 train ACC: 0.99900 test CE: 2.98489 test ACC: 0.99891
2017-09-08 09:19:37,381 INFO: Step: 7730 train CE: 2.98465 train ACC: 0.99900 test CE: 2.98489 test ACC: 0.99891
2017-09-08 09:20:22,834 INFO: Step: 7740 train CE: 2.98465 train ACC: 0.99900 test CE: 2.98488 test ACC: 0.99891
2017-09-08 09:21:11,951 INFO: Step: 7750 train CE: 2.98464 train ACC: 0.99900 test CE: 2.98488 test ACC: 0.99891
2017-09-08 09:22:02,651 INFO: Step: 7760 train CE: 2.98464 train ACC: 0.99900 test CE: 2.98487 test ACC: 0.99891
2017-09-08 09:22:48,302 INFO: Step: 7770 train CE: 2.98463 train ACC: 0.99900 test CE: 2.98487 test ACC: 0.99891
2017-09-08 09:23:35,303 INFO: Step: 7780 train CE: 2.98463 train ACC: 0.99900 test CE: 2.98486 test ACC: 0.99892
2017-09-08 09:24:20,254 INFO: Step: 7790 train CE: 2.98462 train ACC: 0.99900 test CE: 2.98486 test ACC: 0.99892
2017-09-08 09:25:05,305 INFO: Step: 7800 train CE: 2.98462 train ACC: 0.99901 test CE: 2.98486 test ACC: 0.99892
2017-09-08 09:25:05,305 INFO: Saving model at step 7800 .......
2017-09-08 09:25:06,224 INFO: ok
2017-09-08 09:25:51,413 INFO: Step: 7810 train CE: 2.98461 train ACC: 0.99901 test CE: 2.98485 test ACC: 0.99892
2017-09-08 09:26:36,477 INFO: Step: 7820 train CE: 2.98461 train ACC: 0.99901 test CE: 2.98485 test ACC: 0.99892
2017-09-08 09:27:21,797 INFO: Step: 7830 train CE: 2.98460 train ACC: 0.99901 test CE: 2.98484 test ACC: 0.99892
2017-09-08 09:28:07,656 INFO: Step: 7840 train CE: 2.98460 train ACC: 0.99901 test CE: 2.98484 test ACC: 0.99892
2017-09-08 09:28:53,322 INFO: Step: 7850 train CE: 2.98460 train ACC: 0.99901 test CE: 2.98483 test ACC: 0.99892
2017-09-08 09:29:40,732 INFO: Step: 7860 train CE: 2.98459 train ACC: 0.99901 test CE: 2.98483 test ACC: 0.99892
2017-09-08 09:30:25,646 INFO: Step: 7870 train CE: 2.98459 train ACC: 0.99901 test CE: 2.98482 test ACC: 0.99892
