0 5.71502
10 5.85863
20 5.92961
30 5.93583
40 5.86198
50 5.71447
60 5.69428
70 5.73131
80 5.74562
90 5.7573
100 5.77124
110 5.78504
120 5.79755
130 5.80882
140 5.81891
150 5.82796
160 5.83625
170 5.84392
180 5.85109
190 5.85794
200 5.86436
210 5.87051
220 5.87624
230 5.8815
240 5.88633
250 5.89069
260 5.89452
270 5.89786
280 5.90071
290 5.90317
300 5.90534
310 5.90728
320 5.90904
330 5.91065
340 5.91212
350 5.91349
360 5.91474
370 5.9159
380 5.91698
390 5.918
400 5.91897
410 5.91989
420 5.92077
430 5.92161
440 5.92241
450 5.92318
460 5.92392
470 5.92463
480 5.92531
490 5.92595
500 5.92657
510 5.92716
520 5.92772
530 5.92827
540 5.92878
550 5.92928
560 5.92975
570 5.93019
580 5.93061
590 5.93102
600 5.93141
610 5.93178
620 5.93214
630 5.93249
640 5.93282
650 5.93314
660 5.93345
670 5.93374
680 5.93403
690 5.9343
700 5.93457
710 5.93482
720 5.93507
730 5.93531
740 5.93555
750 5.93577
760 5.93599
770 5.9362
780 5.93641
790 5.93662
800 5.93681
810 5.93701
820 5.93719
830 5.93737
840 5.93755
850 5.93772
860 5.93789
870 5.93805
880 5.93822
890 5.93837
900 5.93853
910 5.93868
920 5.93883
930 5.93897
940 5.93912
950 5.93926
960 5.93939
970 5.93953
980 5.93966
990 5.93979
1000 5.93991
1010 5.94004
1020 5.94016
1030 5.94028
1040 5.9404
1050 5.94051
1060 5.94063
1070 5.94074
1080 5.94085
1090 5.94096
1100 5.94107
1110 5.94118
1120 5.94128
1130 5.94138
1140 5.94149
1150 5.94158
1160 5.94168
1170 5.94178
1180 5.94187
1190 5.94196
1200 5.94205
1210 5.94214
1220 5.94222
1230 5.9423
1240 5.94238
1250 5.94245
1260 5.94252
1270 5.9426
1280 5.94267
1290 5.94274
1300 5.94281
1310 5.94288
1320 5.94295
1330 5.94301
1340 5.94308
1350 5.94314
1360 5.94321
1370 5.94327
1380 5.94333
1390 5.94339
1400 5.94345
1410 5.94351
1420 5.94357
1430 5.94363
1440 5.94369
1450 5.94374
1460 5.9438
1470 5.94386
1480 5.94391
1490 5.94397
1500 5.94402
1510 5.94407
1520 5.94412
1530 5.94417
1540 5.94422
1550 5.94428
1560 5.94433
1570 5.94438
1580 5.94443
1590 5.94448
1600 5.94452
1610 5.94457
1620 5.94462
1630 5.94467
1640 5.94471
1650 5.94476
1660 5.9448
1670 5.94485
1680 5.94489
1690 5.94494
1700 5.94498
1710 5.94503
1720 5.94507
1730 5.94511
1740 5.94515
1750 5.94519
1760 5.94524
1770 5.94528
1780 5.94532
1790 5.94536
1800 5.9454
1810 5.94544
1820 5.94548
1830 5.94551
1840 5.94555
1850 5.94559
1860 5.94563
1870 5.94566
1880 5.9457
1890 5.94573
1900 5.94577
1910 5.9458
1920 5.94583
1930 5.94587
1940 5.9459
1950 5.94594
1960 5.94597
1970 5.946
1980 5.94604
1990 5.94607
2000 5.9461
2010 5.94614
2020 5.94617
2030 5.9462
2040 5.94623
2050 5.94626
2060 5.9463
2070 5.94633
2080 5.94635
2090 5.94639
2100 5.94641
2110 5.94644
2120 5.94647
2130 5.9465
2140 5.94653
2150 5.94656
2160 5.94658
2170 5.94661
2180 5.94663
2190 5.94666
2200 5.94669
2210 5.94671
2220 5.94674
2230 5.94676
2240 5.94679
2250 5.94681
2260 5.94684
2270 5.94686
2280 5.94688
2290 5.9469
2300 5.94693
2310 5.94695
2320 5.94697
2330 5.94699
2340 5.94702
2350 5.94704
2360 5.94706
2370 5.94708
2380 5.94709
2390 5.94711
2400 5.94713
2410 5.94714
2420 5.94716
2430 5.94718
2440 5.94719
2450 5.94721
2460 5.94723
2470 5.94724
2480 5.94725
2490 5.94727
2500 5.94728
2510 5.94729
2520 5.9473
2530 5.94731
2540 5.94732
2550 5.94733
2560 5.94734
2570 5.94735
2580 5.94736
2590 5.94737
2600 5.94738
2610 5.94739
2620 5.9474
2630 5.94741
2640 5.94742
2650 5.94742
2660 5.94743
2670 5.94744
2680 5.94744
2690 5.94745
2700 5.94745
2710 5.94746
2720 5.94746
2730 5.94747
2740 5.94747
2750 5.94748
2760 5.94748
2770 5.94748
2780 5.94748
2790 5.94748
2800 5.94748
2810 5.94748
2820 5.94748
2830 5.94748
2840 5.94747
2850 5.94747
2860 5.94747
2870 5.94747
2880 5.94746
2890 5.94746
2900 5.94745
2910 5.94745
2920 5.94744
2930 5.94743
2940 5.94742
2950 5.94742
2960 5.94741
2970 5.9474
2980 5.94739
2990 5.94738
3000 5.94737
3010 5.94736
3020 5.94735
3030 5.94733
3040 5.94732
3050 5.9473
3060 5.94729
3070 5.94727
3080 5.94726
3090 5.94724
3100 5.94723
3110 5.9472
3120 5.94718
3130 5.94716
3140 5.94714
3150 5.94711
3160 5.94709
3170 5.94707
3180 5.94704
3190 5.94701
3200 5.94699
3210 5.94696
3220 5.94693
3230 5.9469
3240 5.94687
3250 5.94683
3260 5.9468
3270 5.94677
3280 5.94674
3290 5.9467
3300 5.94667
3310 5.94663
3320 5.94659
3330 5.94656
3340 5.94652
3350 5.94648
3360 5.94644
3370 5.94639
3380 5.94636
3390 5.94631
3400 5.94627
3410 5.94622
3420 5.94617
3430 5.94613
3440 5.94608
3450 5.94604
3460 5.94599
3470 5.94595
3480 5.9459
3490 5.94585
3500 5.9458
3510 5.94575
3520 5.9457
3530 5.94566
3540 5.94561
3550 5.94556
3560 5.94551
3570 5.94544
3580 5.94537
3590 5.9453
3600 5.94523
3610 5.94517
3620 5.9451
3630 5.94504
3640 5.94497
3650 5.94491
3660 5.94484
3670 5.94478
3680 5.94471
3690 5.94465
3700 5.94458
3710 5.94451
3720 5.94444
3730 5.94438
3740 5.94432
3750 5.94426
3760 5.9442
3770 5.94414
3780 5.94409
3790 5.94404
3800 5.94398
3810 5.94393
3820 5.94388
3830 5.94384
3840 5.94379
3850 5.94375
3860 5.94371
3870 5.94366
3880 5.94362
3890 5.94358
3900 5.94354
3910 5.9435
3920 5.94346
3930 5.94342
3940 5.94339
3950 5.94335
3960 5.94332
3970 5.94328
3980 5.94325
3990 5.94323
4000 5.9432
4010 5.94317
4020 5.94314
4030 5.94311
4040 5.94308
4050 5.94305
4060 5.94303
4070 5.94299
4080 5.94296
4090 5.94293
4100 5.94289
4110 5.94286
4120 5.94282
4130 5.94278
4140 5.94274
4150 5.9427
4160 5.94266
4170 5.94263
4180 5.94259
4190 5.94255
4200 5.94251
4210 5.94247
4220 5.94244
4230 5.94241
4240 5.94239
4250 5.94236
4260 5.94233
4270 5.94231
4280 5.94228
4290 5.94225
4300 5.94223
4310 5.94221
4320 5.94219
4330 5.94217
4340 5.94215
4350 5.94213
4360 5.94211
4370 5.94209
4380 5.94207
4390 5.94205
4400 5.94203
4410 5.94202
4420 5.942
4430 5.94199
4440 5.94197
4450 5.94195
4460 5.94193
4470 5.94192
4480 5.9419
4490 5.94189
4500 5.94187
4510 5.94186
4520 5.94185
4530 5.94184
4540 5.94183
4550 5.94182
4560 5.94181
4570 5.9418
4580 5.94179
4590 5.94179
4600 5.94178
4610 5.94178
4620 5.94177
4630 5.94177
4640 5.94176
4650 5.94175
4660 5.94175
4670 5.94175
4680 5.94174
4690 5.94174
4700 5.94175
4710 5.94174
4720 5.94174
4730 5.94173
4740 5.94173
4750 5.94173
4760 5.94172
4770 5.94172
4780 5.94172
4790 5.94171
4800 5.94171
4810 5.94171
4820 5.94171
4830 5.94171
4840 5.94171
4850 5.9417
4860 5.9417
4870 5.9417
4880 5.9417
4890 5.94171
4900 5.94171
4910 5.94171
4920 5.94171
4930 5.94172
4940 5.94172
4950 5.94172
4960 5.94172
4970 5.94172
4980 5.94172
4990 5.94172
5000 5.94172
5010 5.94172
5020 5.94172
5030 5.94172
5040 5.94172
5050 5.94172
5060 5.94172
5070 5.94172
5080 5.94172
5090 5.94172
5100 5.94171
5110 5.94171
5120 5.94171
5130 5.94171
5140 5.94171
5150 5.94171
5160 5.94171
5170 5.94171
5180 5.94171
5190 5.94171
5200 5.94171
5210 5.94171
5220 5.94171
5230 5.9417
5240 5.9417
5250 5.9417
5260 5.9417
5270 5.9417
5280 5.9417
5290 5.9417
5300 5.9417
5310 5.9417
5320 5.9417
5330 5.94169
5340 5.94169
5350 5.94169
5360 5.94169
5370 5.94169
5380 5.94169
5390 5.94168
5400 5.94168
5410 5.94168
5420 5.94168
5430 5.94168
5440 5.94167
5450 5.94167
5460 5.94167
5470 5.94167
5480 5.94167
5490 5.94167
5500 5.94166
5510 5.94166
5520 5.94166
5530 5.94166
5540 5.94166
5550 5.94166
5560 5.94165
5570 5.94165
5580 5.94165
5590 5.94164
5600 5.94164
5610 5.94164
5620 5.94163
5630 5.94163
5640 5.94162
5650 5.94162
5660 5.94162
5670 5.94161
5680 5.94161
5690 5.94161
5700 5.9416
5710 5.9416
5720 5.9416
5730 5.94159
5740 5.94159
5750 5.94158
5760 5.94158
5770 5.94157
5780 5.94157
5790 5.94156
5800 5.94156
5810 5.94155
5820 5.94155
5830 5.94154
5840 5.94153
5850 5.94153
5860 5.94152
5870 5.94152
5880 5.94151
5890 5.94151
5900 5.9415
5910 5.9415
5920 5.94149
5930 5.94149
5940 5.94148
5950 5.94148
5960 5.94147
5970 5.94147
5980 5.94146
5990 5.94146
6000 5.94145
6010 5.94145
6020 5.94144
6030 5.94144
6040 5.94144
6050 5.94143
6060 5.94143
6070 5.94142
6080 5.94142
6090 5.94141
6100 5.94141
6110 5.9414
6120 5.9414
6130 5.94139
6140 5.94139
6150 5.94138
6160 5.94138
6170 5.94137
6180 5.94137
6190 5.94136
6200 5.94136
6210 5.94135
6220 5.94135
6230 5.94134
6240 5.94134
6250 5.94133
6260 5.94133
6270 5.94132
6280 5.94132
6290 5.94132
6300 5.94131
6310 5.94131
6320 5.9413
6330 5.9413
6340 5.94129
6350 5.94129
6360 5.94128
6370 5.94127
6380 5.94127
6390 5.94126
6400 5.94126
6410 5.94125
6420 5.94124
6430 5.94124
6440 5.94124
6450 5.94123
6460 5.94122
6470 5.94122
6480 5.94121
6490 5.94121
6500 5.9412
6510 5.94119
6520 5.94119
6530 5.94118
6540 5.94117
6550 5.94117
6560 5.94116
6570 5.94116
6580 5.94115
6590 5.94114
6600 5.94114
6610 5.94113
6620 5.94112
6630 5.94112
6640 5.94111
6650 5.94111
6660 5.9411
6670 5.94109
6680 5.94108
6690 5.94108
6700 5.94107
6710 5.94107
6720 5.94106
6730 5.94105
6740 5.94105
6750 5.94104
6760 5.94103
6770 5.94103
6780 5.94102
6790 5.94102
6800 5.94101
6810 5.941
6820 5.94099
6830 5.94099
6840 5.94098
6850 5.94097
6860 5.94097
6870 5.94096
6880 5.94095
6890 5.94095
6900 5.94094
6910 5.94094
6920 5.94093
6930 5.94092
6940 5.94092
6950 5.94091
6960 5.94091
6970 5.9409
6980 5.9409
6990 5.94089
7000 5.94089
7010 5.94088
7020 5.94087
7030 5.94087
7040 5.94086
7050 5.94086
7060 5.94085
7070 5.94085
7080 5.94084
7090 5.94083
7100 5.94083
7110 5.94082
7120 5.94082
7130 5.94081
7140 5.94081
7150 5.9408
7160 5.9408
7170 5.94079
7180 5.94079
7190 5.94079
7200 5.94078
7210 5.94078
7220 5.94077
7230 5.94077
7240 5.94076
7250 5.94076
7260 5.94075
7270 5.94075
7280 5.94074
7290 5.94074
7300 5.94073
7310 5.94073
7320 5.94072
7330 5.94072
7340 5.94071
7350 5.94071
7360 5.9407
7370 5.9407
7380 5.94069
7390 5.94069
7400 5.94068
7410 5.94067
7420 5.94067
7430 5.94066
7440 5.94066
7450 5.94065
7460 5.94065
7470 5.94064
7480 5.94064
7490 5.94064
7500 5.94063
7510 5.94063
7520 5.94062
7530 5.94061
7540 5.94061
7550 5.9406
7560 5.9406
7570 5.94059
7580 5.94059
7590 5.94059
7600 5.94058
7610 5.94057
7620 5.94057
7630 5.94056
7640 5.94056
7650 5.94055
7660 5.94055
7670 5.94055
7680 5.94054
7690 5.94054
7700 5.94053
7710 5.94053
7720 5.94052
7730 5.94052
7740 5.94051
7750 5.94051
7760 5.9405
7770 5.9405
7780 5.94049
7790 5.94049
7800 5.94049
7810 5.94048
7820 5.94048
7830 5.94047
7840 5.94047
7850 5.94046
7860 5.94046
7870 5.94045
7880 5.94045
7890 5.94044
7900 5.94044
7910 5.94044
7920 5.94043
7930 5.94043
7940 5.94042
7950 5.94042
7960 5.94042
7970 5.94041
7980 5.94041
7990 5.9404
8000 5.9404
8010 5.9404
8020 5.94039
8030 5.94039
8040 5.94038
8050 5.94038
8060 5.94037
8070 5.94037
8080 5.94037
8090 5.94036
8100 5.94036
8110 5.94035
8120 5.94035
8130 5.94034
8140 5.94034
8150 5.94033
8160 5.94033
8170 5.94032
8180 5.94032
8190 5.94031
8200 5.94031
8210 5.9403
8220 5.9403
8230 5.94029
8240 5.94029
8250 5.94029
8260 5.94028
8270 5.94028
8280 5.94027
8290 5.94027
8300 5.94026
8310 5.94026
8320 5.94025
8330 5.94025
8340 5.94025
8350 5.94024
8360 5.94024
8370 5.94023
8380 5.94023
8390 5.94023
8400 5.94022
8410 5.94022
8420 5.94021
8430 5.94021
8440 5.94021
8450 5.9402
8460 5.9402
8470 5.9402
8480 5.94019
8490 5.94019
8500 5.94018
8510 5.94018
8520 5.94018
8530 5.94017
8540 5.94017
8550 5.94017
8560 5.94017
8570 5.94016
8580 5.94016
8590 5.94016
8600 5.94016
8610 5.94015
8620 5.94015
8630 5.94015
8640 5.94015
8650 5.94015
8660 5.94014
8670 5.94014
8680 5.94014
8690 5.94014
8700 5.94014
8710 5.94013
8720 5.94013
8730 5.94013
8740 5.94012
8750 5.94012
8760 5.94011
8770 5.94011
8780 5.94011
8790 5.9401
8800 5.9401
8810 5.9401
8820 5.9401
8830 5.9401
8840 5.94009
8850 5.94009
8860 5.94009
8870 5.94009
8880 5.94008
8890 5.94008
8900 5.94008
8910 5.94008
8920 5.94008
8930 5.94007
8940 5.94007
8950 5.94007
8960 5.94007
8970 5.94007
8980 5.94006
8990 5.94006
9000 5.94006
9010 5.94005
9020 5.94005
9030 5.94005
9040 5.94005
9050 5.94004
9060 5.94004
9070 5.94004
9080 5.94004
9090 5.94003
9100 5.94003
9110 5.94003
9120 5.94003
9130 5.94002
9140 5.94002
9150 5.94002
9160 5.94001
9170 5.94001
9180 5.94
9190 5.94
9200 5.94
9210 5.93999
9220 5.93999
9230 5.93999
9240 5.93998
9250 5.93998
9260 5.93998
9270 5.93997
9280 5.93997
9290 5.93997
9300 5.93996
9310 5.93996
9320 5.93996
9330 5.93995
9340 5.93995
9350 5.93995
9360 5.93994
9370 5.93994
9380 5.93994
9390 5.93994
9400 5.93993
9410 5.93993
9420 5.93993
9430 5.93992
9440 5.93992
9450 5.93992
9460 5.93992
9470 5.93991
9480 5.93991
9490 5.93991
9500 5.93991
9510 5.9399
9520 5.9399
9530 5.9399
9540 5.93989
9550 5.93989
9560 5.93989
9570 5.93988
9580 5.93988
9590 5.93988
9600 5.93988
9610 5.93987
9620 5.93987
9630 5.93987
9640 5.93987
9650 5.93986
9660 5.93986
9670 5.93986
9680 5.93986
9690 5.93985
9700 5.93985
9710 5.93985
9720 5.93985
9730 5.93984
9740 5.93984
9750 5.93984
9760 5.93983
9770 5.93983
9780 5.93983
9790 5.93983
9800 5.93982
9810 5.93982
9820 5.93982
9830 5.93982
9840 5.93982
9850 5.93981
9860 5.93981
9870 5.93981
9880 5.93981
9890 5.9398
9900 5.9398
9910 5.9398
9920 5.9398
9930 5.9398
9940 5.93979
9950 5.93979
9960 5.93979
9970 5.93979
9980 5.93979
9990 5.93978
10000 5.93978
10010 5.93978
10020 5.93978
10030 5.93978
10040 5.93977
10050 5.93977
10060 5.93977
10070 5.93977
10080 5.93977
10090 5.93976
10100 5.93976
10110 5.93976
10120 5.93975
10130 5.93975
10140 5.93975
10150 5.93975
10160 5.93975
10170 5.93974
10180 5.93974
10190 5.93974
10200 5.93974
10210 5.93974
10220 5.93974
10230 5.93973
10240 5.93973
10250 5.93973
10260 5.93973
10270 5.93973
10280 5.93973
10290 5.93973
10300 5.93973
10310 5.93972
10320 5.93972
10330 5.93972
10340 5.93972
10350 5.93972
10360 5.93972
10370 5.93972
10380 5.93972
10390 5.93972
10400 5.93972
10410 5.93971
10420 5.93971
10430 5.93971
10440 5.93971
10450 5.93971
10460 5.93971
10470 5.93971
10480 5.93971
10490 5.9397
10500 5.9397
10510 5.9397
10520 5.9397
10530 5.9397
10540 5.9397
10550 5.9397
10560 5.9397
10570 5.93969
10580 5.93969
10590 5.93969
10600 5.93969
10610 5.93969
10620 5.93969
10630 5.93969
10640 5.93969
10650 5.93968
10660 5.93968
10670 5.93968
10680 5.93968
10690 5.93968
10700 5.93968
10710 5.93967
10720 5.93967
10730 5.93967
10740 5.93967
10750 5.93966
10760 5.93966
10770 5.93966
10780 5.93966
10790 5.93966
10800 5.93965
10810 5.93965
10820 5.93965
10830 5.93965
10840 5.93965
10850 5.93964
10860 5.93964
10870 5.93964
10880 5.93964
10890 5.93964
10900 5.93964
10910 5.93963
10920 5.93963
10930 5.93963
10940 5.93963
10950 5.93963
10960 5.93963
10970 5.93963
10980 5.93962
10990 5.93962
11000 5.93962
11010 5.93962
11020 5.93962
11030 5.93962
11040 5.93962
11050 5.93961
11060 5.93961
11070 5.93961
11080 5.93961
11090 5.93961
11100 5.9396
11110 5.9396
11120 5.9396
11130 5.9396
11140 5.9396
11150 5.9396
11160 5.9396
11170 5.93959
11180 5.93959
11190 5.93959
11200 5.93959
11210 5.93959
11220 5.93959
11230 5.93959
11240 5.93959
11250 5.93959
11260 5.93958
11270 5.93958
11280 5.93958
11290 5.93958
11300 5.93958
11310 5.93958
11320 5.93958
11330 5.93958
11340 5.93958
11350 5.93958
11360 5.93957
11370 5.93957
11380 5.93957
11390 5.93957
11400 5.93957
11410 5.93957
11420 5.93957
11430 5.93956
11440 5.93956
11450 5.93956
11460 5.93956
11470 5.93956
11480 5.93956
11490 5.93955
11500 5.93955
11510 5.93955
11520 5.93955
11530 5.93955
11540 5.93955
11550 5.93955
11560 5.93955
11570 5.93954
11580 5.93954
11590 5.93954
11600 5.93954
11610 5.93954
11620 5.93954
11630 5.93954
11640 5.93954
11650 5.93953
11660 5.93953
11670 5.93953
11680 5.93953
11690 5.93953
11700 5.93953
11710 5.93953
11720 5.93952
11730 5.93952
11740 5.93952
11750 5.93952
11760 5.93952
11770 5.93951
11780 5.93951
11790 5.93951
11800 5.93951
11810 5.93951
11820 5.93951
11830 5.93951
11840 5.9395
11850 5.9395
11860 5.9395
11870 5.9395
11880 5.9395
11890 5.9395
11900 5.9395
11910 5.9395
11920 5.9395
11930 5.9395
11940 5.9395
11950 5.9395
11960 5.9395
11970 5.9395
11980 5.9395
11990 5.9395
12000 5.9395
12010 5.9395
12020 5.9395
12030 5.9395
12040 5.9395
12050 5.93949
12060 5.93949
12070 5.93949
12080 5.93949
12090 5.93949
12100 5.93949
12110 5.93949
12120 5.93949
12130 5.93949
12140 5.93948
12150 5.93948
12160 5.93948
12170 5.93948
12180 5.93948
12190 5.93948
12200 5.93948
12210 5.93948
12220 5.93948
12230 5.93948
12240 5.93947
12250 5.93947
12260 5.93947
12270 5.93947
12280 5.93947
12290 5.93947
12300 5.93947
12310 5.93947
12320 5.93947
12330 5.93947
12340 5.93946
12350 5.93946
12360 5.93946
12370 5.93946
12380 5.93946
12390 5.93946
12400 5.93946
12410 5.93946
12420 5.93946
12430 5.93946
12440 5.93946
12450 5.93946
12460 5.93945
12470 5.93945
12480 5.93945
12490 5.93945
12500 5.93945
12510 5.93945
12520 5.93945
12530 5.93945
12540 5.93945
12550 5.93945
12560 5.93945
12570 5.93944
12580 5.93944
12590 5.93944
12600 5.93944
12610 5.93944
12620 5.93944
12630 5.93944
12640 5.93944
12650 5.93944
12660 5.93944
12670 5.93944
12680 5.93944
12690 5.93944
12700 5.93944
12710 5.93943
12720 5.93943
12730 5.93943
12740 5.93943
12750 5.93943
12760 5.93943
12770 5.93943
12780 5.93943
12790 5.93943
12800 5.93943
12810 5.93943
12820 5.93943
12830 5.93942
12840 5.93942
12850 5.93942
12860 5.93942
12870 5.93942
12880 5.93942
12890 5.93942
12900 5.93942
12910 5.93942
12920 5.93942
12930 5.93942
12940 5.93941
12950 5.93941
12960 5.93941
12970 5.93941
12980 5.93941
12990 5.93941
13000 5.93941
13010 5.93941
13020 5.93941
13030 5.9394
13040 5.9394
13050 5.9394
13060 5.9394
13070 5.9394
13080 5.9394
13090 5.9394
13100 5.9394
13110 5.9394
13120 5.93939
13130 5.93939
13140 5.93939
13150 5.93939
13160 5.93939
13170 5.93939
13180 5.93939
13190 5.93939
13200 5.93938
13210 5.93938
13220 5.93938
13230 5.93938
13240 5.93938
13250 5.93938